2018-12-03 10:21:38 INF:  =====================================
2018-12-03 10:21:38 INF:  * RTStartup *
2018-12-03 10:21:38 INF:  -------------------------------------
2018-12-03 10:21:38 INF:  QLM 1.2.1 M
2018-12-03 10:21:38 INF:  appType4thDimension:0x1700, interpreted
2018-12-03 10:21:38 INF:  -------------------------------------
2018-12-03 10:21:38 INF:  RTLoadStructKeys
2018-12-03 10:21:38 INF:  IOLoadStructureKeys
2018-12-03 10:21:38 ERR:  Get4DRes -192
2018-12-03 10:21:38 INF:  Struct key count: 0
2018-12-03 10:21:38 INF:  -------------------------------------
2018-12-03 10:21:38 INF:  RTLoadExtKeys
2018-12-03 10:21:38 INF:  IOLoadExternalKey
2018-12-03 10:21:38 INF:  Checking existense of directory: <CFURL 0x600000ff68e0 [0x7fff9432e8f0]>{string = file:///Users/if65/Library/Application%20Support/4D/Licenses/Escape/, encoding = 134217984, base = (null)}
2018-12-03 10:21:38 INF:  Path exists: <CFURL 0x600000ff68e0 [0x7fff9432e8f0]>{string = file:///Users/if65/Library/Application%20Support/4D/Licenses/Escape/, encoding = 134217984, base = (null)}
2018-12-03 10:21:38 INF:  Directory exists: <CFURL 0x600000ff68e0 [0x7fff9432e8f0]>{string = file:///Users/if65/Library/Application%20Support/4D/Licenses/Escape/, encoding = 134217984, base = (null)}
2018-12-03 10:21:38 INF:  External key file path: /Users/if65/Library/Application Support/4D/Licenses/Escape/BB.QLC
2018-12-03 10:21:38 ERR:  ReadFromFile -43
2018-12-03 10:21:38 INF:  Ext key count: 0
2018-12-03 12:01:28 INF:  * RTShutdown *
2018-12-03 12:03:00 INF:  =====================================
2018-12-03 12:03:00 INF:  * RTStartup *
2018-12-03 12:03:00 INF:  -------------------------------------
2018-12-03 12:03:00 INF:  QLM 1.2.1 M
2018-12-03 12:03:00 INF:  appType4thDimension:0x1700, interpreted
2018-12-03 12:03:00 INF:  -------------------------------------
2018-12-03 12:03:00 INF:  RTLoadStructKeys
2018-12-03 12:03:00 INF:  IOLoadStructureKeys
2018-12-03 12:03:00 ERR:  Get4DRes -192
2018-12-03 12:03:00 INF:  Struct key count: 0
2018-12-03 12:03:00 INF:  -------------------------------------
2018-12-03 12:03:00 INF:  RTLoadExtKeys
2018-12-03 12:03:00 INF:  IOLoadExternalKey
2018-12-03 12:03:00 INF:  Checking existense of directory: <CFURL 0x6000015db3c0 [0x7fff9432e8f0]>{string = file:///Users/if65/Library/Application%20Support/4D/Licenses/Escape/, encoding = 134217984, base = (null)}
2018-12-03 12:03:00 INF:  Path exists: <CFURL 0x6000015db3c0 [0x7fff9432e8f0]>{string = file:///Users/if65/Library/Application%20Support/4D/Licenses/Escape/, encoding = 134217984, base = (null)}
2018-12-03 12:03:00 INF:  Directory exists: <CFURL 0x6000015db3c0 [0x7fff9432e8f0]>{string = file:///Users/if65/Library/Application%20Support/4D/Licenses/Escape/, encoding = 134217984, base = (null)}
2018-12-03 12:03:00 INF:  External key file path: /Users/if65/Library/Application Support/4D/Licenses/Escape/BB.QLC
2018-12-03 12:03:00 ERR:  ReadFromFile -43
2018-12-03 12:03:00 INF:  Ext key count: 0
2018-12-03 13:20:52 INF:  * RTShutdown *
2018-12-03 14:02:30 INF:  =====================================
2018-12-03 14:02:30 INF:  * RTStartup *
2018-12-03 14:02:30 INF:  -------------------------------------
2018-12-03 14:02:30 INF:  QLM 1.2.1 M
2018-12-03 14:02:30 INF:  appType4thDimension:0x1700, interpreted
2018-12-03 14:02:30 INF:  -------------------------------------
2018-12-03 14:02:30 INF:  RTLoadStructKeys
2018-12-03 14:02:30 INF:  IOLoadStructureKeys
2018-12-03 14:02:30 ERR:  Get4DRes -192
2018-12-03 14:02:30 INF:  Struct key count: 0
2018-12-03 14:02:30 INF:  -------------------------------------
2018-12-03 14:02:30 INF:  RTLoadExtKeys
2018-12-03 14:02:30 INF:  IOLoadExternalKey
2018-12-03 14:02:30 INF:  Checking existense of directory: <CFURL 0x60000357c4e0 [0x7fff9432e8f0]>{string = file:///Users/if65/Library/Application%20Support/4D/Licenses/Escape/, encoding = 134217984, base = (null)}
2018-12-03 14:02:30 INF:  Path exists: <CFURL 0x60000357c4e0 [0x7fff9432e8f0]>{string = file:///Users/if65/Library/Application%20Support/4D/Licenses/Escape/, encoding = 134217984, base = (null)}
2018-12-03 14:02:30 INF:  Directory exists: <CFURL 0x60000357c4e0 [0x7fff9432e8f0]>{string = file:///Users/if65/Library/Application%20Support/4D/Licenses/Escape/, encoding = 134217984, base = (null)}
2018-12-03 14:02:30 INF:  External key file path: /Users/if65/Library/Application Support/4D/Licenses/Escape/BB.QLC
2018-12-03 14:02:30 ERR:  ReadFromFile -43
2018-12-03 14:02:30 INF:  Ext key count: 0
2018-12-03 14:35:24 INF:  * RTShutdown *
2018-12-03 15:44:09 INF:  =====================================
2018-12-03 15:44:09 INF:  * RTStartup *
2018-12-03 15:44:09 INF:  -------------------------------------
2018-12-03 15:44:09 INF:  QLM 1.2.1 M
2018-12-03 15:44:09 INF:  appType4thDimension:0x1700, interpreted
2018-12-03 15:44:09 INF:  -------------------------------------
2018-12-03 15:44:09 INF:  RTLoadStructKeys
2018-12-03 15:44:09 INF:  IOLoadStructureKeys
2018-12-03 15:44:09 ERR:  Get4DRes -192
2018-12-03 15:44:09 INF:  Struct key count: 0
2018-12-03 15:44:09 INF:  -------------------------------------
2018-12-03 15:44:09 INF:  RTLoadExtKeys
2018-12-03 15:44:09 INF:  IOLoadExternalKey
2018-12-03 15:44:09 INF:  Checking existense of directory: <CFURL 0x600001b1c300 [0x7fff9432e8f0]>{string = file:///Users/if65/Library/Application%20Support/4D/Licenses/Escape/, encoding = 134217984, base = (null)}
2018-12-03 15:44:09 INF:  Path exists: <CFURL 0x600001b1c300 [0x7fff9432e8f0]>{string = file:///Users/if65/Library/Application%20Support/4D/Licenses/Escape/, encoding = 134217984, base = (null)}
2018-12-03 15:44:09 INF:  Directory exists: <CFURL 0x600001b1c300 [0x7fff9432e8f0]>{string = file:///Users/if65/Library/Application%20Support/4D/Licenses/Escape/, encoding = 134217984, base = (null)}
2018-12-03 15:44:09 INF:  External key file path: /Users/if65/Library/Application Support/4D/Licenses/Escape/BB.QLC
2018-12-03 15:44:09 ERR:  ReadFromFile -43
2018-12-03 15:44:09 INF:  Ext key count: 0
2018-12-03 17:59:30 INF:  * RTShutdown *
2018-12-04 11:59:26 INF:  =====================================
2018-12-04 11:59:26 INF:  * RTStartup *
2018-12-04 11:59:26 INF:  -------------------------------------
2018-12-04 11:59:26 INF:  QLM 1.2.1 M
2018-12-04 11:59:26 INF:  appType4thDimension:0x1700, interpreted
2018-12-04 11:59:26 INF:  -------------------------------------
2018-12-04 11:59:26 INF:  RTLoadStructKeys
2018-12-04 11:59:26 INF:  IOLoadStructureKeys
2018-12-04 11:59:26 ERR:  Get4DRes -192
2018-12-04 11:59:26 INF:  Struct key count: 0
2018-12-04 11:59:26 INF:  -------------------------------------
2018-12-04 11:59:26 INF:  RTLoadExtKeys
2018-12-04 11:59:26 INF:  IOLoadExternalKey
2018-12-04 11:59:26 INF:  Checking existense of directory: <CFURL 0x6000003523a0 [0x7fffa1e4d8f0]>{string = file:///Users/if65/Library/Application%20Support/4D/Licenses/Escape/, encoding = 134217984, base = (null)}
2018-12-04 11:59:26 INF:  Path exists: <CFURL 0x6000003523a0 [0x7fffa1e4d8f0]>{string = file:///Users/if65/Library/Application%20Support/4D/Licenses/Escape/, encoding = 134217984, base = (null)}
2018-12-04 11:59:26 INF:  Directory exists: <CFURL 0x6000003523a0 [0x7fffa1e4d8f0]>{string = file:///Users/if65/Library/Application%20Support/4D/Licenses/Escape/, encoding = 134217984, base = (null)}
2018-12-04 11:59:26 INF:  External key file path: /Users/if65/Library/Application Support/4D/Licenses/Escape/BB.QLC
2018-12-04 11:59:26 ERR:  ReadFromFile -43
2018-12-04 11:59:26 INF:  Ext key count: 0
2018-12-04 15:38:52 INF:  * RTShutdown *
2018-12-05 07:24:57 INF:  =====================================
2018-12-05 07:24:57 INF:  * RTStartup *
2018-12-05 07:24:57 INF:  -------------------------------------
2018-12-05 07:24:57 INF:  QLM 1.2.1 M
2018-12-05 07:24:57 INF:  appType4thDimension:0x1700, interpreted
2018-12-05 07:24:57 INF:  -------------------------------------
2018-12-05 07:24:57 INF:  RTLoadStructKeys
2018-12-05 07:24:57 INF:  IOLoadStructureKeys
2018-12-05 07:24:57 ERR:  Get4DRes -192
2018-12-05 07:24:57 INF:  Struct key count: 0
2018-12-05 07:24:57 INF:  -------------------------------------
2018-12-05 07:24:57 INF:  RTLoadExtKeys
2018-12-05 07:24:57 INF:  IOLoadExternalKey
2018-12-05 07:24:57 INF:  Checking existense of directory: <CFURL 0x600003172940 [0x7fff9f3b18f0]>{string = file:///Users/if65/Library/Application%20Support/4D/Licenses/Escape/, encoding = 134217984, base = (null)}
2018-12-05 07:24:57 INF:  Path exists: <CFURL 0x600003172940 [0x7fff9f3b18f0]>{string = file:///Users/if65/Library/Application%20Support/4D/Licenses/Escape/, encoding = 134217984, base = (null)}
2018-12-05 07:24:57 INF:  Directory exists: <CFURL 0x600003172940 [0x7fff9f3b18f0]>{string = file:///Users/if65/Library/Application%20Support/4D/Licenses/Escape/, encoding = 134217984, base = (null)}
2018-12-05 07:24:57 INF:  External key file path: /Users/if65/Library/Application Support/4D/Licenses/Escape/BB.QLC
2018-12-05 07:24:57 ERR:  ReadFromFile -43
2018-12-05 07:24:57 INF:  Ext key count: 0
2018-12-05 08:11:21 INF:  * RTShutdown *
2018-12-05 08:12:01 INF:  =====================================
2018-12-05 08:12:01 INF:  * RTStartup *
2018-12-05 08:12:01 INF:  -------------------------------------
2018-12-05 08:12:01 INF:  QLM 1.2.1 M
2018-12-05 08:12:01 INF:  appType4thDimension:0x1700, interpreted
2018-12-05 08:12:01 INF:  -------------------------------------
2018-12-05 08:12:01 INF:  RTLoadStructKeys
2018-12-05 08:12:01 INF:  IOLoadStructureKeys
2018-12-05 08:12:01 ERR:  Get4DRes -192
2018-12-05 08:12:01 INF:  Struct key count: 0
2018-12-05 08:12:01 INF:  -------------------------------------
2018-12-05 08:12:01 INF:  RTLoadExtKeys
2018-12-05 08:12:01 INF:  IOLoadExternalKey
2018-12-05 08:12:01 INF:  Checking existense of directory: <CFURL 0x6000020ad260 [0x7fff9f3b18f0]>{string = file:///Users/if65/Library/Application%20Support/4D/Licenses/Escape/, encoding = 134217984, base = (null)}
2018-12-05 08:12:01 INF:  Path exists: <CFURL 0x6000020ad260 [0x7fff9f3b18f0]>{string = file:///Users/if65/Library/Application%20Support/4D/Licenses/Escape/, encoding = 134217984, base = (null)}
2018-12-05 08:12:01 INF:  Directory exists: <CFURL 0x6000020ad260 [0x7fff9f3b18f0]>{string = file:///Users/if65/Library/Application%20Support/4D/Licenses/Escape/, encoding = 134217984, base = (null)}
2018-12-05 08:12:01 INF:  External key file path: /Users/if65/Library/Application Support/4D/Licenses/Escape/BB.QLC
2018-12-05 08:12:01 ERR:  ReadFromFile -43
2018-12-05 08:12:01 INF:  Ext key count: 0
2018-12-05 10:37:32 INF:  * RTShutdown *
2018-12-05 10:38:55 INF:  =====================================
2018-12-05 10:38:55 INF:  * RTStartup *
2018-12-05 10:38:55 INF:  -------------------------------------
2018-12-05 10:38:55 INF:  QLM 1.2.1 M
2018-12-05 10:38:55 INF:  appType4thDimension:0x1700, interpreted
2018-12-05 10:38:55 INF:  -------------------------------------
2018-12-05 10:38:55 INF:  RTLoadStructKeys
2018-12-05 10:38:55 INF:  IOLoadStructureKeys
2018-12-05 10:38:55 ERR:  Get4DRes -192
2018-12-05 10:38:55 INF:  Struct key count: 0
2018-12-05 10:38:55 INF:  -------------------------------------
2018-12-05 10:38:55 INF:  RTLoadExtKeys
2018-12-05 10:38:55 INF:  IOLoadExternalKey
2018-12-05 10:38:55 INF:  Checking existense of directory: <CFURL 0x6000006cc0c0 [0x7fff9f3b18f0]>{string = file:///Users/if65/Library/Application%20Support/4D/Licenses/Escape/, encoding = 134217984, base = (null)}
2018-12-05 10:38:55 INF:  Path exists: <CFURL 0x6000006cc0c0 [0x7fff9f3b18f0]>{string = file:///Users/if65/Library/Application%20Support/4D/Licenses/Escape/, encoding = 134217984, base = (null)}
2018-12-05 10:38:55 INF:  Directory exists: <CFURL 0x6000006cc0c0 [0x7fff9f3b18f0]>{string = file:///Users/if65/Library/Application%20Support/4D/Licenses/Escape/, encoding = 134217984, base = (null)}
2018-12-05 10:38:55 INF:  External key file path: /Users/if65/Library/Application Support/4D/Licenses/Escape/BB.QLC
2018-12-05 10:38:55 ERR:  ReadFromFile -43
2018-12-05 10:38:55 INF:  Ext key count: 0
2018-12-05 12:02:00 INF:  * RTShutdown *
2018-12-05 14:17:19 INF:  =====================================
2018-12-05 14:17:19 INF:  * RTStartup *
2018-12-05 14:17:19 INF:  -------------------------------------
2018-12-05 14:17:19 INF:  QLM 1.2.1 M
2018-12-05 14:17:19 INF:  appType4thDimension:0x1700, interpreted
2018-12-05 14:17:19 INF:  -------------------------------------
2018-12-05 14:17:19 INF:  RTLoadStructKeys
2018-12-05 14:17:19 INF:  IOLoadStructureKeys
2018-12-05 14:17:19 ERR:  Get4DRes -192
2018-12-05 14:17:19 INF:  Struct key count: 0
2018-12-05 14:17:19 INF:  -------------------------------------
2018-12-05 14:17:19 INF:  RTLoadExtKeys
2018-12-05 14:17:19 INF:  IOLoadExternalKey
2018-12-05 14:17:19 INF:  Checking existense of directory: <CFURL 0x600001168ba0 [0x7fff9f3b18f0]>{string = file:///Users/if65/Library/Application%20Support/4D/Licenses/Escape/, encoding = 134217984, base = (null)}
2018-12-05 14:17:19 INF:  Path exists: <CFURL 0x600001168ba0 [0x7fff9f3b18f0]>{string = file:///Users/if65/Library/Application%20Support/4D/Licenses/Escape/, encoding = 134217984, base = (null)}
2018-12-05 14:17:19 INF:  Directory exists: <CFURL 0x600001168ba0 [0x7fff9f3b18f0]>{string = file:///Users/if65/Library/Application%20Support/4D/Licenses/Escape/, encoding = 134217984, base = (null)}
2018-12-05 14:17:19 INF:  External key file path: /Users/if65/Library/Application Support/4D/Licenses/Escape/BB.QLC
2018-12-05 14:17:19 ERR:  ReadFromFile -43
2018-12-05 14:17:19 INF:  Ext key count: 0
2018-12-05 14:36:56 INF:  * RTShutdown *
2018-12-05 16:04:53 INF:  =====================================
2018-12-05 16:04:53 INF:  * RTStartup *
2018-12-05 16:04:53 INF:  -------------------------------------
2018-12-05 16:04:53 INF:  QLM 1.2.1 M
2018-12-05 16:04:53 INF:  appType4thDimension:0x1700, interpreted
2018-12-05 16:04:53 INF:  -------------------------------------
2018-12-05 16:04:53 INF:  RTLoadStructKeys
2018-12-05 16:04:53 INF:  IOLoadStructureKeys
2018-12-05 16:04:53 ERR:  Get4DRes -192
2018-12-05 16:04:53 INF:  Struct key count: 0
2018-12-05 16:04:53 INF:  -------------------------------------
2018-12-05 16:04:53 INF:  RTLoadExtKeys
2018-12-05 16:04:53 INF:  IOLoadExternalKey
2018-12-05 16:04:53 INF:  Checking existense of directory: <CFURL 0x600002a19080 [0x7fff9f3b18f0]>{string = file:///Users/if65/Library/Application%20Support/4D/Licenses/Escape/, encoding = 134217984, base = (null)}
2018-12-05 16:04:53 INF:  Path exists: <CFURL 0x600002a19080 [0x7fff9f3b18f0]>{string = file:///Users/if65/Library/Application%20Support/4D/Licenses/Escape/, encoding = 134217984, base = (null)}
2018-12-05 16:04:53 INF:  Directory exists: <CFURL 0x600002a19080 [0x7fff9f3b18f0]>{string = file:///Users/if65/Library/Application%20Support/4D/Licenses/Escape/, encoding = 134217984, base = (null)}
2018-12-05 16:04:53 INF:  External key file path: /Users/if65/Library/Application Support/4D/Licenses/Escape/BB.QLC
2018-12-05 16:04:53 ERR:  ReadFromFile -43
2018-12-05 16:04:53 INF:  Ext key count: 0
2018-12-05 17:21:47 INF:  * RTShutdown *
2018-12-06 07:58:04 INF:  =====================================
2018-12-06 07:58:04 INF:  * RTStartup *
2018-12-06 07:58:04 INF:  -------------------------------------
2018-12-06 07:58:04 INF:  QLM 1.2.1 M
2018-12-06 07:58:04 INF:  appType4thDimension:0x1700, interpreted
2018-12-06 07:58:04 INF:  -------------------------------------
2018-12-06 07:58:04 INF:  RTLoadStructKeys
2018-12-06 07:58:04 INF:  IOLoadStructureKeys
2018-12-06 07:58:04 ERR:  Get4DRes -192
2018-12-06 07:58:04 INF:  Struct key count: 0
2018-12-06 07:58:04 INF:  -------------------------------------
2018-12-06 07:58:04 INF:  RTLoadExtKeys
2018-12-06 07:58:04 INF:  IOLoadExternalKey
2018-12-06 07:58:04 INF:  Checking existense of directory: <CFURL 0x6000014cc0c0 [0x7fff9f3b18f0]>{string = file:///Users/if65/Library/Application%20Support/4D/Licenses/Escape/, encoding = 134217984, base = (null)}
2018-12-06 07:58:04 INF:  Path exists: <CFURL 0x6000014cc0c0 [0x7fff9f3b18f0]>{string = file:///Users/if65/Library/Application%20Support/4D/Licenses/Escape/, encoding = 134217984, base = (null)}
2018-12-06 07:58:04 INF:  Directory exists: <CFURL 0x6000014cc0c0 [0x7fff9f3b18f0]>{string = file:///Users/if65/Library/Application%20Support/4D/Licenses/Escape/, encoding = 134217984, base = (null)}
2018-12-06 07:58:04 INF:  External key file path: /Users/if65/Library/Application Support/4D/Licenses/Escape/BB.QLC
2018-12-06 07:58:04 ERR:  ReadFromFile -43
2018-12-06 07:58:04 INF:  Ext key count: 0
2018-12-06 13:03:51 INF:  * RTShutdown *
2018-12-06 13:06:05 INF:  =====================================
2018-12-06 13:06:05 INF:  * RTStartup *
2018-12-06 13:06:05 INF:  -------------------------------------
2018-12-06 13:06:05 INF:  QLM 1.2.1 M
2018-12-06 13:06:05 INF:  appType4thDimension:0x1700, interpreted
2018-12-06 13:06:05 INF:  -------------------------------------
2018-12-06 13:06:05 INF:  RTLoadStructKeys
2018-12-06 13:06:05 INF:  IOLoadStructureKeys
2018-12-06 13:06:05 ERR:  Get4DRes -192
2018-12-06 13:06:05 INF:  Struct key count: 0
2018-12-06 13:06:05 INF:  -------------------------------------
2018-12-06 13:06:05 INF:  RTLoadExtKeys
2018-12-06 13:06:05 INF:  IOLoadExternalKey
2018-12-06 13:06:05 INF:  Checking existense of directory: <CFURL 0x60000292f720 [0x7fff9f3b18f0]>{string = file:///Users/if65/Library/Application%20Support/4D/Licenses/Escape/, encoding = 134217984, base = (null)}
2018-12-06 13:06:05 INF:  Path exists: <CFURL 0x60000292f720 [0x7fff9f3b18f0]>{string = file:///Users/if65/Library/Application%20Support/4D/Licenses/Escape/, encoding = 134217984, base = (null)}
2018-12-06 13:06:05 INF:  Directory exists: <CFURL 0x60000292f720 [0x7fff9f3b18f0]>{string = file:///Users/if65/Library/Application%20Support/4D/Licenses/Escape/, encoding = 134217984, base = (null)}
2018-12-06 13:06:05 INF:  External key file path: /Users/if65/Library/Application Support/4D/Licenses/Escape/BB.QLC
2018-12-06 13:06:05 ERR:  ReadFromFile -43
2018-12-06 13:06:05 INF:  Ext key count: 0
2018-12-06 13:06:12 INF:  * RTShutdown *
2018-12-07 06:03:42 INF:  =====================================
2018-12-07 06:03:42 INF:  * RTStartup *
2018-12-07 06:03:42 INF:  -------------------------------------
2018-12-07 06:03:42 INF:  QLM 1.2.1 M
2018-12-07 06:03:42 INF:  appType4thDimension:0x1700, interpreted
2018-12-07 06:03:42 INF:  -------------------------------------
2018-12-07 06:03:42 INF:  RTLoadStructKeys
2018-12-07 06:03:42 INF:  IOLoadStructureKeys
2018-12-07 06:03:42 ERR:  Get4DRes -192
2018-12-07 06:03:42 INF:  Struct key count: 0
2018-12-07 06:03:42 INF:  -------------------------------------
2018-12-07 06:03:42 INF:  RTLoadExtKeys
2018-12-07 06:03:42 INF:  IOLoadExternalKey
2018-12-07 06:03:42 INF:  Checking existense of directory: <CFURL 0x600000a296e0 [0x7fff9f3b18f0]>{string = file:///Users/if65/Library/Application%20Support/4D/Licenses/Escape/, encoding = 134217984, base = (null)}
2018-12-07 06:03:42 INF:  Path exists: <CFURL 0x600000a296e0 [0x7fff9f3b18f0]>{string = file:///Users/if65/Library/Application%20Support/4D/Licenses/Escape/, encoding = 134217984, base = (null)}
2018-12-07 06:03:42 INF:  Directory exists: <CFURL 0x600000a296e0 [0x7fff9f3b18f0]>{string = file:///Users/if65/Library/Application%20Support/4D/Licenses/Escape/, encoding = 134217984, base = (null)}
2018-12-07 06:03:42 INF:  External key file path: /Users/if65/Library/Application Support/4D/Licenses/Escape/BB.QLC
2018-12-07 06:03:42 ERR:  ReadFromFile -43
2018-12-07 06:03:42 INF:  Ext key count: 0
2018-12-07 06:04:28 INF:  * RTShutdown *
2018-12-07 14:48:11 INF:  =====================================
2018-12-07 14:48:11 INF:  * RTStartup *
2018-12-07 14:48:11 INF:  -------------------------------------
2018-12-07 14:48:11 INF:  QLM 1.2.1 M
2018-12-07 14:48:11 INF:  appType4thDimension:0x1700, interpreted
2018-12-07 14:48:11 INF:  -------------------------------------
2018-12-07 14:48:11 INF:  RTLoadStructKeys
2018-12-07 14:48:11 INF:  IOLoadStructureKeys
2018-12-07 14:48:11 ERR:  Get4DRes -192
2018-12-07 14:48:11 INF:  Struct key count: 0
2018-12-07 14:48:11 INF:  -------------------------------------
2018-12-07 14:48:11 INF:  RTLoadExtKeys
2018-12-07 14:48:11 INF:  IOLoadExternalKey
2018-12-07 14:48:11 INF:  Checking existense of directory: <CFURL 0x6000004eb5a0 [0x7fff9f3b18f0]>{string = file:///Users/if65/Library/Application%20Support/4D/Licenses/Escape/, encoding = 134217984, base = (null)}
2018-12-07 14:48:11 INF:  Path exists: <CFURL 0x6000004eb5a0 [0x7fff9f3b18f0]>{string = file:///Users/if65/Library/Application%20Support/4D/Licenses/Escape/, encoding = 134217984, base = (null)}
2018-12-07 14:48:11 INF:  Directory exists: <CFURL 0x6000004eb5a0 [0x7fff9f3b18f0]>{string = file:///Users/if65/Library/Application%20Support/4D/Licenses/Escape/, encoding = 134217984, base = (null)}
2018-12-07 14:48:11 INF:  External key file path: /Users/if65/Library/Application Support/4D/Licenses/Escape/BB.QLC
2018-12-07 14:48:11 ERR:  ReadFromFile -43
2018-12-07 14:48:11 INF:  Ext key count: 0
2018-12-07 14:49:28 INF:  * RTShutdown *
2018-12-10 11:03:45 INF:  =====================================
2018-12-10 11:03:45 INF:  * RTStartup *
2018-12-10 11:03:45 INF:  -------------------------------------
2018-12-10 11:03:45 INF:  QLM 1.2.1 M
2018-12-10 11:03:45 INF:  appType4thDimension:0x1700, interpreted
2018-12-10 11:03:45 INF:  -------------------------------------
2018-12-10 11:03:45 INF:  RTLoadStructKeys
2018-12-10 11:03:45 INF:  IOLoadStructureKeys
2018-12-10 11:03:45 ERR:  Get4DRes -192
2018-12-10 11:03:45 INF:  Struct key count: 0
2018-12-10 11:03:45 INF:  -------------------------------------
2018-12-10 11:03:45 INF:  RTLoadExtKeys
2018-12-10 11:03:45 INF:  IOLoadExternalKey
2018-12-10 11:03:45 INF:  Checking existense of directory: <CFURL 0x600007f380c0 [0x7fff8be898f0]>{string = file:///Users/if65/Library/Application%20Support/4D/Licenses/Escape/, encoding = 134217984, base = (null)}
2018-12-10 11:03:45 INF:  Path exists: <CFURL 0x600007f380c0 [0x7fff8be898f0]>{string = file:///Users/if65/Library/Application%20Support/4D/Licenses/Escape/, encoding = 134217984, base = (null)}
2018-12-10 11:03:45 INF:  Directory exists: <CFURL 0x600007f380c0 [0x7fff8be898f0]>{string = file:///Users/if65/Library/Application%20Support/4D/Licenses/Escape/, encoding = 134217984, base = (null)}
2018-12-10 11:03:45 INF:  External key file path: /Users/if65/Library/Application Support/4D/Licenses/Escape/BB.QLC
2018-12-10 11:03:45 ERR:  ReadFromFile -43
2018-12-10 11:03:45 INF:  Ext key count: 0
2018-12-10 11:06:42 INF:  * RTShutdown *
2018-12-11 15:52:59 INF:  =====================================
2018-12-11 15:52:59 INF:  * RTStartup *
2018-12-11 15:52:59 INF:  -------------------------------------
2018-12-11 15:52:59 INF:  QLM 1.2.1 M
2018-12-11 15:52:59 INF:  appType4thDimension:0x1700, interpreted
2018-12-11 15:52:59 INF:  -------------------------------------
2018-12-11 15:52:59 INF:  RTLoadStructKeys
2018-12-11 15:52:59 INF:  IOLoadStructureKeys
2018-12-11 15:52:59 ERR:  Get4DRes -192
2018-12-11 15:52:59 INF:  Struct key count: 0
2018-12-11 15:52:59 INF:  -------------------------------------
2018-12-11 15:52:59 INF:  RTLoadExtKeys
2018-12-11 15:52:59 INF:  IOLoadExternalKey
2018-12-11 15:52:59 INF:  Checking existense of directory: <CFURL 0x600003120c00 [0x7fff906798f0]>{string = file:///Users/if65/Library/Application%20Support/4D/Licenses/Escape/, encoding = 134217984, base = (null)}
2018-12-11 15:52:59 INF:  Path exists: <CFURL 0x600003120c00 [0x7fff906798f0]>{string = file:///Users/if65/Library/Application%20Support/4D/Licenses/Escape/, encoding = 134217984, base = (null)}
2018-12-11 15:52:59 INF:  Directory exists: <CFURL 0x600003120c00 [0x7fff906798f0]>{string = file:///Users/if65/Library/Application%20Support/4D/Licenses/Escape/, encoding = 134217984, base = (null)}
2018-12-11 15:52:59 INF:  External key file path: /Users/if65/Library/Application Support/4D/Licenses/Escape/BB.QLC
2018-12-11 15:52:59 ERR:  ReadFromFile -43
2018-12-11 15:52:59 INF:  Ext key count: 0
2018-12-11 16:16:15 INF:  * RTShutdown *
2018-12-12 10:22:31 INF:  =====================================
2018-12-12 10:22:31 INF:  * RTStartup *
2018-12-12 10:22:31 INF:  -------------------------------------
2018-12-12 10:22:31 INF:  QLM 1.2.1 M
2018-12-12 10:22:31 INF:  appType4thDimension:0x1700, interpreted
2018-12-12 10:22:31 INF:  -------------------------------------
2018-12-12 10:22:31 INF:  RTLoadStructKeys
2018-12-12 10:22:31 INF:  IOLoadStructureKeys
2018-12-12 10:22:31 ERR:  Get4DRes -192
2018-12-12 10:22:31 INF:  Struct key count: 0
2018-12-12 10:22:31 INF:  -------------------------------------
2018-12-12 10:22:31 INF:  RTLoadExtKeys
2018-12-12 10:22:31 INF:  IOLoadExternalKey
2018-12-12 10:22:31 INF:  Checking existense of directory: <CFURL 0x600001963240 [0x7fff906798f0]>{string = file:///Users/if65/Library/Application%20Support/4D/Licenses/Escape/, encoding = 134217984, base = (null)}
2018-12-12 10:22:31 INF:  Path exists: <CFURL 0x600001963240 [0x7fff906798f0]>{string = file:///Users/if65/Library/Application%20Support/4D/Licenses/Escape/, encoding = 134217984, base = (null)}
2018-12-12 10:22:31 INF:  Directory exists: <CFURL 0x600001963240 [0x7fff906798f0]>{string = file:///Users/if65/Library/Application%20Support/4D/Licenses/Escape/, encoding = 134217984, base = (null)}
2018-12-12 10:22:31 INF:  External key file path: /Users/if65/Library/Application Support/4D/Licenses/Escape/BB.QLC
2018-12-12 10:22:31 ERR:  ReadFromFile -43
2018-12-12 10:22:31 INF:  Ext key count: 0
2018-12-12 10:23:28 INF:  * RTShutdown *
2018-12-12 15:47:06 INF:  =====================================
2018-12-12 15:47:06 INF:  * RTStartup *
2018-12-12 15:47:06 INF:  -------------------------------------
2018-12-12 15:47:06 INF:  QLM 1.2.1 M
2018-12-12 15:47:06 INF:  appType4thDimension:0x1700, interpreted
2018-12-12 15:47:06 INF:  -------------------------------------
2018-12-12 15:47:06 INF:  RTLoadStructKeys
2018-12-12 15:47:06 INF:  IOLoadStructureKeys
2018-12-12 15:47:06 ERR:  Get4DRes -192
2018-12-12 15:47:06 INF:  Struct key count: 0
2018-12-12 15:47:06 INF:  -------------------------------------
2018-12-12 15:47:06 INF:  RTLoadExtKeys
2018-12-12 15:47:06 INF:  IOLoadExternalKey
2018-12-12 15:47:06 INF:  Checking existense of directory: <CFURL 0x6000017a2160 [0x7fff906798f0]>{string = file:///Users/if65/Library/Application%20Support/4D/Licenses/Escape/, encoding = 134217984, base = (null)}
2018-12-12 15:47:06 INF:  Path exists: <CFURL 0x6000017a2160 [0x7fff906798f0]>{string = file:///Users/if65/Library/Application%20Support/4D/Licenses/Escape/, encoding = 134217984, base = (null)}
2018-12-12 15:47:06 INF:  Directory exists: <CFURL 0x6000017a2160 [0x7fff906798f0]>{string = file:///Users/if65/Library/Application%20Support/4D/Licenses/Escape/, encoding = 134217984, base = (null)}
2018-12-12 15:47:06 INF:  External key file path: /Users/if65/Library/Application Support/4D/Licenses/Escape/BB.QLC
2018-12-12 15:47:06 ERR:  ReadFromFile -43
2018-12-12 15:47:06 INF:  Ext key count: 0
2018-12-12 16:53:03 INF:  * RTShutdown *
2018-12-19 08:44:08 INF:  =====================================
2018-12-19 08:44:08 INF:  * RTStartup *
2018-12-19 08:44:08 INF:  -------------------------------------
2018-12-19 08:44:08 INF:  QLM 1.2.1 M
2018-12-19 08:44:08 INF:  appType4thDimension:0x1700, interpreted
2018-12-19 08:44:08 INF:  -------------------------------------
2018-12-19 08:44:08 INF:  RTLoadStructKeys
2018-12-19 08:44:08 INF:  IOLoadStructureKeys
2018-12-19 08:44:08 ERR:  Get4DRes -192
2018-12-19 08:44:08 INF:  Struct key count: 0
2018-12-19 08:44:08 INF:  -------------------------------------
2018-12-19 08:44:08 INF:  RTLoadExtKeys
2018-12-19 08:44:08 INF:  IOLoadExternalKey
2018-12-19 08:44:08 INF:  Checking existense of directory: <CFURL 0x6000034e6dc0 [0x7fff8335e8f0]>{string = file:///Users/if65/Library/Application%20Support/4D/Licenses/Escape/, encoding = 134217984, base = (null)}
2018-12-19 08:44:08 INF:  Path exists: <CFURL 0x6000034e6dc0 [0x7fff8335e8f0]>{string = file:///Users/if65/Library/Application%20Support/4D/Licenses/Escape/, encoding = 134217984, base = (null)}
2018-12-19 08:44:08 INF:  Directory exists: <CFURL 0x6000034e6dc0 [0x7fff8335e8f0]>{string = file:///Users/if65/Library/Application%20Support/4D/Licenses/Escape/, encoding = 134217984, base = (null)}
2018-12-19 08:44:08 INF:  External key file path: /Users/if65/Library/Application Support/4D/Licenses/Escape/BB.QLC
2018-12-19 08:44:08 ERR:  ReadFromFile -43
2018-12-19 08:44:08 INF:  Ext key count: 0
2018-12-19 09:31:25 INF:  * RTShutdown *
2018-12-20 11:38:01 INF:  =====================================
2018-12-20 11:38:01 INF:  * RTStartup *
2018-12-20 11:38:01 INF:  -------------------------------------
2018-12-20 11:38:01 INF:  QLM 1.2.1 M
2018-12-20 11:38:01 INF:  appType4thDimension:0x1700, interpreted
2018-12-20 11:38:01 INF:  -------------------------------------
2018-12-20 11:38:01 INF:  RTLoadStructKeys
2018-12-20 11:38:01 INF:  IOLoadStructureKeys
2018-12-20 11:38:01 ERR:  Get4DRes -192
2018-12-20 11:38:01 INF:  Struct key count: 0
2018-12-20 11:38:01 INF:  -------------------------------------
2018-12-20 11:38:01 INF:  RTLoadExtKeys
2018-12-20 11:38:01 INF:  IOLoadExternalKey
2018-12-20 11:38:01 INF:  Checking existense of directory: <CFURL 0x6000008f2220 [0x7fff8335e8f0]>{string = file:///Users/if65/Library/Application%20Support/4D/Licenses/Escape/, encoding = 134217984, base = (null)}
2018-12-20 11:38:01 INF:  Path exists: <CFURL 0x6000008f2220 [0x7fff8335e8f0]>{string = file:///Users/if65/Library/Application%20Support/4D/Licenses/Escape/, encoding = 134217984, base = (null)}
2018-12-20 11:38:01 INF:  Directory exists: <CFURL 0x6000008f2220 [0x7fff8335e8f0]>{string = file:///Users/if65/Library/Application%20Support/4D/Licenses/Escape/, encoding = 134217984, base = (null)}
2018-12-20 11:38:01 INF:  External key file path: /Users/if65/Library/Application Support/4D/Licenses/Escape/BB.QLC
2018-12-20 11:38:01 ERR:  ReadFromFile -43
2018-12-20 11:38:01 INF:  Ext key count: 0
2018-12-20 11:46:59 INF:  * RTShutdown *
2018-12-20 13:09:01 INF:  =====================================
2018-12-20 13:09:01 INF:  * RTStartup *
2018-12-20 13:09:01 INF:  -------------------------------------
2018-12-20 13:09:01 INF:  QLM 1.2.1 M
2018-12-20 13:09:01 INF:  appType4thDimension:0x1700, interpreted
2018-12-20 13:09:01 INF:  -------------------------------------
2018-12-20 13:09:01 INF:  RTLoadStructKeys
2018-12-20 13:09:01 INF:  IOLoadStructureKeys
2018-12-20 13:09:01 ERR:  Get4DRes -192
2018-12-20 13:09:01 INF:  Struct key count: 0
2018-12-20 13:09:01 INF:  -------------------------------------
2018-12-20 13:09:01 INF:  RTLoadExtKeys
2018-12-20 13:09:01 INF:  IOLoadExternalKey
2018-12-20 13:09:01 INF:  Checking existense of directory: <CFURL 0x60000001e100 [0x7fff8335e8f0]>{string = file:///Users/if65/Library/Application%20Support/4D/Licenses/Escape/, encoding = 134217984, base = (null)}
2018-12-20 13:09:01 INF:  Path exists: <CFURL 0x60000001e100 [0x7fff8335e8f0]>{string = file:///Users/if65/Library/Application%20Support/4D/Licenses/Escape/, encoding = 134217984, base = (null)}
2018-12-20 13:09:01 INF:  Directory exists: <CFURL 0x60000001e100 [0x7fff8335e8f0]>{string = file:///Users/if65/Library/Application%20Support/4D/Licenses/Escape/, encoding = 134217984, base = (null)}
2018-12-20 13:09:01 INF:  External key file path: /Users/if65/Library/Application Support/4D/Licenses/Escape/BB.QLC
2018-12-20 13:09:01 ERR:  ReadFromFile -43
2018-12-20 13:09:01 INF:  Ext key count: 0
2018-12-20 13:09:57 INF:  * RTShutdown *
2018-12-20 13:13:49 INF:  =====================================
2018-12-20 13:13:49 INF:  * RTStartup *
2018-12-20 13:13:49 INF:  -------------------------------------
2018-12-20 13:13:49 INF:  QLM 1.2.1 M
2018-12-20 13:13:49 INF:  appType4thDimension:0x1700, interpreted
2018-12-20 13:13:49 INF:  -------------------------------------
2018-12-20 13:13:49 INF:  RTLoadStructKeys
2018-12-20 13:13:49 INF:  IOLoadStructureKeys
2018-12-20 13:13:49 ERR:  Get4DRes -192
2018-12-20 13:13:49 INF:  Struct key count: 0
2018-12-20 13:13:49 INF:  -------------------------------------
2018-12-20 13:13:49 INF:  RTLoadExtKeys
2018-12-20 13:13:49 INF:  IOLoadExternalKey
2018-12-20 13:13:49 INF:  Checking existense of directory: <CFURL 0x60000135e5e0 [0x7fff8335e8f0]>{string = file:///Users/if65/Library/Application%20Support/4D/Licenses/Escape/, encoding = 134217984, base = (null)}
2018-12-20 13:13:49 INF:  Path exists: <CFURL 0x60000135e5e0 [0x7fff8335e8f0]>{string = file:///Users/if65/Library/Application%20Support/4D/Licenses/Escape/, encoding = 134217984, base = (null)}
2018-12-20 13:13:49 INF:  Directory exists: <CFURL 0x60000135e5e0 [0x7fff8335e8f0]>{string = file:///Users/if65/Library/Application%20Support/4D/Licenses/Escape/, encoding = 134217984, base = (null)}
2018-12-20 13:13:49 INF:  External key file path: /Users/if65/Library/Application Support/4D/Licenses/Escape/BB.QLC
2018-12-20 13:13:49 ERR:  ReadFromFile -43
2018-12-20 13:13:49 INF:  Ext key count: 0
2018-12-20 13:20:42 INF:  * RTShutdown *
2018-12-20 17:12:13 INF:  =====================================
2018-12-20 17:12:13 INF:  * RTStartup *
2018-12-20 17:12:13 INF:  -------------------------------------
2018-12-20 17:12:13 INF:  QLM 1.2.1 M
2018-12-20 17:12:13 INF:  appType4thDimension:0x1700, interpreted
2018-12-20 17:12:13 INF:  -------------------------------------
2018-12-20 17:12:13 INF:  RTLoadStructKeys
2018-12-20 17:12:13 INF:  IOLoadStructureKeys
2018-12-20 17:12:13 ERR:  Get4DRes -192
2018-12-20 17:12:13 INF:  Struct key count: 0
2018-12-20 17:12:13 INF:  -------------------------------------
2018-12-20 17:12:13 INF:  RTLoadExtKeys
2018-12-20 17:12:13 INF:  IOLoadExternalKey
2018-12-20 17:12:13 INF:  Checking existense of directory: <CFURL 0x6000016ba8e0 [0x7fff8335e8f0]>{string = file:///Users/if65/Library/Application%20Support/4D/Licenses/Escape/, encoding = 134217984, base = (null)}
2018-12-20 17:12:13 INF:  Path exists: <CFURL 0x6000016ba8e0 [0x7fff8335e8f0]>{string = file:///Users/if65/Library/Application%20Support/4D/Licenses/Escape/, encoding = 134217984, base = (null)}
2018-12-20 17:12:13 INF:  Directory exists: <CFURL 0x6000016ba8e0 [0x7fff8335e8f0]>{string = file:///Users/if65/Library/Application%20Support/4D/Licenses/Escape/, encoding = 134217984, base = (null)}
2018-12-20 17:12:13 INF:  External key file path: /Users/if65/Library/Application Support/4D/Licenses/Escape/BB.QLC
2018-12-20 17:12:13 ERR:  ReadFromFile -43
2018-12-20 17:12:13 INF:  Ext key count: 0
2018-12-20 17:12:38 INF:  * RTShutdown *
2018-12-20 17:15:18 INF:  =====================================
2018-12-20 17:15:18 INF:  * RTStartup *
2018-12-20 17:15:18 INF:  -------------------------------------
2018-12-20 17:15:18 INF:  QLM 1.2.1 M
2018-12-20 17:15:18 INF:  appType4thDimension:0x1700, interpreted
2018-12-20 17:15:18 INF:  -------------------------------------
2018-12-20 17:15:18 INF:  RTLoadStructKeys
2018-12-20 17:15:18 INF:  IOLoadStructureKeys
2018-12-20 17:15:18 ERR:  Get4DRes -192
2018-12-20 17:15:18 INF:  Struct key count: 0
2018-12-20 17:15:18 INF:  -------------------------------------
2018-12-20 17:15:18 INF:  RTLoadExtKeys
2018-12-20 17:15:18 INF:  IOLoadExternalKey
2018-12-20 17:15:18 INF:  Checking existense of directory: <CFURL 0x6000013e45a0 [0x7fff8335e8f0]>{string = file:///Users/if65/Library/Application%20Support/4D/Licenses/Escape/, encoding = 134217984, base = (null)}
2018-12-20 17:15:18 INF:  Path exists: <CFURL 0x6000013e45a0 [0x7fff8335e8f0]>{string = file:///Users/if65/Library/Application%20Support/4D/Licenses/Escape/, encoding = 134217984, base = (null)}
2018-12-20 17:15:18 INF:  Directory exists: <CFURL 0x6000013e45a0 [0x7fff8335e8f0]>{string = file:///Users/if65/Library/Application%20Support/4D/Licenses/Escape/, encoding = 134217984, base = (null)}
2018-12-20 17:15:18 INF:  External key file path: /Users/if65/Library/Application Support/4D/Licenses/Escape/BB.QLC
2018-12-20 17:15:18 ERR:  ReadFromFile -43
2018-12-20 17:15:18 INF:  Ext key count: 0
2018-12-20 17:53:02 INF:  * RTShutdown *
2018-12-28 10:19:57 INF:  =====================================
2018-12-28 10:19:57 INF:  * RTStartup *
2018-12-28 10:19:57 INF:  -------------------------------------
2018-12-28 10:19:57 INF:  QLM 1.2.1 M
2018-12-28 10:19:57 INF:  appType4thDimension:0x1700, interpreted
2018-12-28 10:19:57 INF:  -------------------------------------
2018-12-28 10:19:57 INF:  RTLoadStructKeys
2018-12-28 10:19:57 INF:  IOLoadStructureKeys
2018-12-28 10:19:57 ERR:  Get4DRes -192
2018-12-28 10:19:57 INF:  Struct key count: 0
2018-12-28 10:19:57 INF:  -------------------------------------
2018-12-28 10:19:57 INF:  RTLoadExtKeys
2018-12-28 10:19:57 INF:  IOLoadExternalKey
2018-12-28 10:19:57 INF:  Checking existense of directory: <CFURL 0x600002c87360 [0x7fff9b9a58f0]>{string = file:///Users/if65/Library/Application%20Support/4D/Licenses/Escape/, encoding = 134217984, base = (null)}
2018-12-28 10:19:57 INF:  Path exists: <CFURL 0x600002c87360 [0x7fff9b9a58f0]>{string = file:///Users/if65/Library/Application%20Support/4D/Licenses/Escape/, encoding = 134217984, base = (null)}
2018-12-28 10:19:57 INF:  Directory exists: <CFURL 0x600002c87360 [0x7fff9b9a58f0]>{string = file:///Users/if65/Library/Application%20Support/4D/Licenses/Escape/, encoding = 134217984, base = (null)}
2018-12-28 10:19:57 INF:  External key file path: /Users/if65/Library/Application Support/4D/Licenses/Escape/BB.QLC
2018-12-28 10:19:57 ERR:  ReadFromFile -43
2018-12-28 10:19:57 INF:  Ext key count: 0
2018-12-28 14:59:14 INF:  * RTShutdown *
2018-12-28 15:26:27 INF:  =====================================
2018-12-28 15:26:27 INF:  * RTStartup *
2018-12-28 15:26:27 INF:  -------------------------------------
2018-12-28 15:26:27 INF:  QLM 1.2.1 M
2018-12-28 15:26:27 INF:  appType4thDimension:0x1700, interpreted
2018-12-28 15:26:27 INF:  -------------------------------------
2018-12-28 15:26:27 INF:  RTLoadStructKeys
2018-12-28 15:26:27 INF:  IOLoadStructureKeys
2018-12-28 15:26:27 ERR:  Get4DRes -192
2018-12-28 15:26:27 INF:  Struct key count: 0
2018-12-28 15:26:27 INF:  -------------------------------------
2018-12-28 15:26:27 INF:  RTLoadExtKeys
2018-12-28 15:26:27 INF:  IOLoadExternalKey
2018-12-28 15:26:27 INF:  Checking existense of directory: <CFURL 0x600000c70180 [0x7fff9b9a58f0]>{string = file:///Users/if65/Library/Application%20Support/4D/Licenses/Escape/, encoding = 134217984, base = (null)}
2018-12-28 15:26:27 INF:  Path exists: <CFURL 0x600000c70180 [0x7fff9b9a58f0]>{string = file:///Users/if65/Library/Application%20Support/4D/Licenses/Escape/, encoding = 134217984, base = (null)}
2018-12-28 15:26:27 INF:  Directory exists: <CFURL 0x600000c70180 [0x7fff9b9a58f0]>{string = file:///Users/if65/Library/Application%20Support/4D/Licenses/Escape/, encoding = 134217984, base = (null)}
2018-12-28 15:26:27 INF:  External key file path: /Users/if65/Library/Application Support/4D/Licenses/Escape/BB.QLC
2018-12-28 15:26:27 ERR:  ReadFromFile -43
2018-12-28 15:26:27 INF:  Ext key count: 0
2018-12-28 16:56:42 INF:  * RTShutdown *
