2019-04-01 08:12:08 INF:  =====================================
2019-04-01 08:12:08 INF:  * RTStartup *
2019-04-01 08:12:08 INF:  -------------------------------------
2019-04-01 08:12:08 INF:  QLM 1.2.1 M
2019-04-01 08:12:08 INF:  appType4thDimension:0x1700, interpreted
2019-04-01 08:12:08 INF:  -------------------------------------
2019-04-01 08:12:08 INF:  RTLoadStructKeys
2019-04-01 08:12:08 INF:  IOLoadStructureKeys
2019-04-01 08:12:08 ERR:  Get4DRes -192
2019-04-01 08:12:08 INF:  Struct key count: 0
2019-04-01 08:12:08 INF:  -------------------------------------
2019-04-01 08:12:08 INF:  RTLoadExtKeys
2019-04-01 08:12:08 INF:  IOLoadExternalKey
2019-04-01 08:12:08 INF:  Checking existense of directory: <CFURL 0x600000e07060 [0x7fff96f688f0]>{string = file:///Users/if65/Library/Application%20Support/4D/Licenses/Escape/, encoding = 134217984, base = (null)}
2019-04-01 08:12:08 INF:  Path exists: <CFURL 0x600000e07060 [0x7fff96f688f0]>{string = file:///Users/if65/Library/Application%20Support/4D/Licenses/Escape/, encoding = 134217984, base = (null)}
2019-04-01 08:12:08 INF:  Directory exists: <CFURL 0x600000e07060 [0x7fff96f688f0]>{string = file:///Users/if65/Library/Application%20Support/4D/Licenses/Escape/, encoding = 134217984, base = (null)}
2019-04-01 08:12:08 INF:  External key file path: /Users/if65/Library/Application Support/4D/Licenses/Escape/BB.QLC
2019-04-01 08:12:08 ERR:  ReadFromFile -43
2019-04-01 08:12:08 INF:  Ext key count: 0
2019-04-01 08:27:55 INF:  * RTShutdown *
2019-04-01 08:29:26 INF:  =====================================
2019-04-01 08:29:26 INF:  * RTStartup *
2019-04-01 08:29:26 INF:  -------------------------------------
2019-04-01 08:29:26 INF:  QLM 1.2.1 M
2019-04-01 08:29:26 INF:  appType4thDimension:0x1700, interpreted
2019-04-01 08:29:26 INF:  -------------------------------------
2019-04-01 08:29:26 INF:  RTLoadStructKeys
2019-04-01 08:29:26 INF:  IOLoadStructureKeys
2019-04-01 08:29:26 ERR:  Get4DRes -192
2019-04-01 08:29:26 INF:  Struct key count: 0
2019-04-01 08:29:26 INF:  -------------------------------------
2019-04-01 08:29:26 INF:  RTLoadExtKeys
2019-04-01 08:29:26 INF:  IOLoadExternalKey
2019-04-01 08:29:26 INF:  Checking existense of directory: <CFURL 0x600002719680 [0x7fff96f688f0]>{string = file:///Users/if65/Library/Application%20Support/4D/Licenses/Escape/, encoding = 134217984, base = (null)}
2019-04-01 08:29:26 INF:  Path exists: <CFURL 0x600002719680 [0x7fff96f688f0]>{string = file:///Users/if65/Library/Application%20Support/4D/Licenses/Escape/, encoding = 134217984, base = (null)}
2019-04-01 08:29:26 INF:  Directory exists: <CFURL 0x600002719680 [0x7fff96f688f0]>{string = file:///Users/if65/Library/Application%20Support/4D/Licenses/Escape/, encoding = 134217984, base = (null)}
2019-04-01 08:29:26 INF:  External key file path: /Users/if65/Library/Application Support/4D/Licenses/Escape/BB.QLC
2019-04-01 08:29:26 ERR:  ReadFromFile -43
2019-04-01 08:29:26 INF:  Ext key count: 0
2019-04-01 08:30:55 INF:  * RTShutdown *
2019-04-01 16:14:35 INF:  =====================================
2019-04-01 16:14:35 INF:  * RTStartup *
2019-04-01 16:14:35 INF:  -------------------------------------
2019-04-01 16:14:35 INF:  QLM 1.2.1 M
2019-04-01 16:14:35 INF:  appType4thDimension:0x1700, interpreted
2019-04-01 16:14:35 INF:  -------------------------------------
2019-04-01 16:14:35 INF:  RTLoadStructKeys
2019-04-01 16:14:35 INF:  IOLoadStructureKeys
2019-04-01 16:14:35 ERR:  Get4DRes -192
2019-04-01 16:14:35 INF:  Struct key count: 0
2019-04-01 16:14:35 INF:  -------------------------------------
2019-04-01 16:14:35 INF:  RTLoadExtKeys
2019-04-01 16:14:35 INF:  IOLoadExternalKey
2019-04-01 16:14:35 INF:  Checking existense of directory: <CFURL 0x6000000119e0 [0x7fff96f688f0]>{string = file:///Users/if65/Library/Application%20Support/4D/Licenses/Escape/, encoding = 134217984, base = (null)}
2019-04-01 16:14:35 INF:  Path exists: <CFURL 0x6000000119e0 [0x7fff96f688f0]>{string = file:///Users/if65/Library/Application%20Support/4D/Licenses/Escape/, encoding = 134217984, base = (null)}
2019-04-01 16:14:35 INF:  Directory exists: <CFURL 0x6000000119e0 [0x7fff96f688f0]>{string = file:///Users/if65/Library/Application%20Support/4D/Licenses/Escape/, encoding = 134217984, base = (null)}
2019-04-01 16:14:35 INF:  External key file path: /Users/if65/Library/Application Support/4D/Licenses/Escape/BB.QLC
2019-04-01 16:14:35 ERR:  ReadFromFile -43
2019-04-01 16:14:35 INF:  Ext key count: 0
2019-04-01 16:26:55 INF:  * RTShutdown *
2019-04-01 16:36:10 INF:  =====================================
2019-04-01 16:36:10 INF:  * RTStartup *
2019-04-01 16:36:10 INF:  -------------------------------------
2019-04-01 16:36:10 INF:  QLM 1.2.1 M
2019-04-01 16:36:10 INF:  appType4thDimension:0x1700, interpreted
2019-04-01 16:36:10 INF:  -------------------------------------
2019-04-01 16:36:10 INF:  RTLoadStructKeys
2019-04-01 16:36:10 INF:  IOLoadStructureKeys
2019-04-01 16:36:10 ERR:  Get4DRes -192
2019-04-01 16:36:10 INF:  Struct key count: 0
2019-04-01 16:36:10 INF:  -------------------------------------
2019-04-01 16:36:10 INF:  RTLoadExtKeys
2019-04-01 16:36:10 INF:  IOLoadExternalKey
2019-04-01 16:36:10 INF:  Checking existense of directory: <CFURL 0x6000029b2940 [0x7fff96f688f0]>{string = file:///Users/if65/Library/Application%20Support/4D/Licenses/Escape/, encoding = 134217984, base = (null)}
2019-04-01 16:36:10 INF:  Path exists: <CFURL 0x6000029b2940 [0x7fff96f688f0]>{string = file:///Users/if65/Library/Application%20Support/4D/Licenses/Escape/, encoding = 134217984, base = (null)}
2019-04-01 16:36:10 INF:  Directory exists: <CFURL 0x6000029b2940 [0x7fff96f688f0]>{string = file:///Users/if65/Library/Application%20Support/4D/Licenses/Escape/, encoding = 134217984, base = (null)}
2019-04-01 16:36:10 INF:  External key file path: /Users/if65/Library/Application Support/4D/Licenses/Escape/BB.QLC
2019-04-01 16:36:10 ERR:  ReadFromFile -43
2019-04-01 16:36:10 INF:  Ext key count: 0
2019-04-01 17:10:18 INF:  * RTShutdown *
2019-04-01 17:14:06 INF:  =====================================
2019-04-01 17:14:06 INF:  * RTStartup *
2019-04-01 17:14:06 INF:  -------------------------------------
2019-04-01 17:14:06 INF:  QLM 1.2.1 M
2019-04-01 17:14:06 INF:  appType4thDimension:0x1700, interpreted
2019-04-01 17:14:06 INF:  -------------------------------------
2019-04-01 17:14:06 INF:  RTLoadStructKeys
2019-04-01 17:14:06 INF:  IOLoadStructureKeys
2019-04-01 17:14:06 ERR:  Get4DRes -192
2019-04-01 17:14:06 INF:  Struct key count: 0
2019-04-01 17:14:06 INF:  -------------------------------------
2019-04-01 17:14:06 INF:  RTLoadExtKeys
2019-04-01 17:14:06 INF:  IOLoadExternalKey
2019-04-01 17:14:06 INF:  Checking existense of directory: <CFURL 0x60000128e160 [0x7fff96f688f0]>{string = file:///Users/if65/Library/Application%20Support/4D/Licenses/Escape/, encoding = 134217984, base = (null)}
2019-04-01 17:14:06 INF:  Path exists: <CFURL 0x60000128e160 [0x7fff96f688f0]>{string = file:///Users/if65/Library/Application%20Support/4D/Licenses/Escape/, encoding = 134217984, base = (null)}
2019-04-01 17:14:06 INF:  Directory exists: <CFURL 0x60000128e160 [0x7fff96f688f0]>{string = file:///Users/if65/Library/Application%20Support/4D/Licenses/Escape/, encoding = 134217984, base = (null)}
2019-04-01 17:14:06 INF:  External key file path: /Users/if65/Library/Application Support/4D/Licenses/Escape/BB.QLC
2019-04-01 17:14:06 ERR:  ReadFromFile -43
2019-04-01 17:14:06 INF:  Ext key count: 0
2019-04-01 17:47:31 INF:  * RTShutdown *
2019-04-12 16:45:54 INF:  =====================================
2019-04-12 16:45:54 INF:  * RTStartup *
2019-04-12 16:45:54 INF:  -------------------------------------
2019-04-12 16:45:54 INF:  QLM 1.2.1 M
2019-04-12 16:45:54 INF:  appType4thDimension:0x1700, interpreted
2019-04-12 16:45:54 INF:  -------------------------------------
2019-04-12 16:45:54 INF:  RTLoadStructKeys
2019-04-12 16:45:54 INF:  IOLoadStructureKeys
2019-04-12 16:45:54 ERR:  Get4DRes -192
2019-04-12 16:45:54 INF:  Struct key count: 0
2019-04-12 16:45:54 INF:  -------------------------------------
2019-04-12 16:45:54 INF:  RTLoadExtKeys
2019-04-12 16:45:54 INF:  IOLoadExternalKey
2019-04-12 16:45:54 INF:  Checking existense of directory: <CFURL 0x600003cfe280 [0x7fff8ec898f0]>{string = file:///Users/if65/Library/Application%20Support/4D/Licenses/Escape/, encoding = 134217984, base = (null)}
2019-04-12 16:45:54 INF:  Path exists: <CFURL 0x600003cfe280 [0x7fff8ec898f0]>{string = file:///Users/if65/Library/Application%20Support/4D/Licenses/Escape/, encoding = 134217984, base = (null)}
2019-04-12 16:45:54 INF:  Directory exists: <CFURL 0x600003cfe280 [0x7fff8ec898f0]>{string = file:///Users/if65/Library/Application%20Support/4D/Licenses/Escape/, encoding = 134217984, base = (null)}
2019-04-12 16:45:54 INF:  External key file path: /Users/if65/Library/Application Support/4D/Licenses/Escape/BB.QLC
2019-04-12 16:45:54 ERR:  ReadFromFile -43
2019-04-12 16:45:54 INF:  Ext key count: 0
2019-04-12 17:18:58 INF:  * RTShutdown *
2019-04-12 18:57:40 INF:  =====================================
2019-04-12 18:57:40 INF:  * RTStartup *
2019-04-12 18:57:40 INF:  -------------------------------------
2019-04-12 18:57:40 INF:  QLM 1.2.1 M
2019-04-12 18:57:40 INF:  appType4thDimension:0x1700, interpreted
2019-04-12 18:57:40 INF:  -------------------------------------
2019-04-12 18:57:40 INF:  RTLoadStructKeys
2019-04-12 18:57:40 INF:  IOLoadStructureKeys
2019-04-12 18:57:40 ERR:  Get4DRes -192
2019-04-12 18:57:40 INF:  Struct key count: 0
2019-04-12 18:57:40 INF:  -------------------------------------
2019-04-12 18:57:40 INF:  RTLoadExtKeys
2019-04-12 18:57:40 INF:  IOLoadExternalKey
2019-04-12 18:57:40 INF:  Checking existense of directory: <CFURL 0x6000014470c0 [0x7fff8ec898f0]>{string = file:///Users/if65/Library/Application%20Support/4D/Licenses/Escape/, encoding = 134217984, base = (null)}
2019-04-12 18:57:40 INF:  Path exists: <CFURL 0x6000014470c0 [0x7fff8ec898f0]>{string = file:///Users/if65/Library/Application%20Support/4D/Licenses/Escape/, encoding = 134217984, base = (null)}
2019-04-12 18:57:40 INF:  Directory exists: <CFURL 0x6000014470c0 [0x7fff8ec898f0]>{string = file:///Users/if65/Library/Application%20Support/4D/Licenses/Escape/, encoding = 134217984, base = (null)}
2019-04-12 18:57:40 INF:  External key file path: /Users/if65/Library/Application Support/4D/Licenses/Escape/BB.QLC
2019-04-12 18:57:40 ERR:  ReadFromFile -43
2019-04-12 18:57:40 INF:  Ext key count: 0
2019-04-13 07:26:58 INF:  * RTShutdown *
2019-04-16 10:04:02 INF:  =====================================
2019-04-16 10:04:02 INF:  * RTStartup *
2019-04-16 10:04:02 INF:  -------------------------------------
2019-04-16 10:04:02 INF:  QLM 1.2.1 M
2019-04-16 10:04:02 INF:  appType4thDimension:0x1700, interpreted
2019-04-16 10:04:02 INF:  -------------------------------------
2019-04-16 10:04:02 INF:  RTLoadStructKeys
2019-04-16 10:04:02 INF:  IOLoadStructureKeys
2019-04-16 10:04:02 ERR:  Get4DRes -192
2019-04-16 10:04:02 INF:  Struct key count: 0
2019-04-16 10:04:02 INF:  -------------------------------------
2019-04-16 10:04:02 INF:  RTLoadExtKeys
2019-04-16 10:04:02 INF:  IOLoadExternalKey
2019-04-16 10:04:02 INF:  Checking existense of directory: <CFURL 0x600002949e60 [0x7fff8ec898f0]>{string = file:///Users/if65/Library/Application%20Support/4D/Licenses/Escape/, encoding = 134217984, base = (null)}
2019-04-16 10:04:02 INF:  Path exists: <CFURL 0x600002949e60 [0x7fff8ec898f0]>{string = file:///Users/if65/Library/Application%20Support/4D/Licenses/Escape/, encoding = 134217984, base = (null)}
2019-04-16 10:04:02 INF:  Directory exists: <CFURL 0x600002949e60 [0x7fff8ec898f0]>{string = file:///Users/if65/Library/Application%20Support/4D/Licenses/Escape/, encoding = 134217984, base = (null)}
2019-04-16 10:04:02 INF:  External key file path: /Users/if65/Library/Application Support/4D/Licenses/Escape/BB.QLC
2019-04-16 10:04:02 ERR:  ReadFromFile -43
2019-04-16 10:04:02 INF:  Ext key count: 0
2019-04-16 11:02:28 INF:  * RTShutdown *
2019-04-16 11:05:28 INF:  =====================================
2019-04-16 11:05:28 INF:  * RTStartup *
2019-04-16 11:05:28 INF:  -------------------------------------
2019-04-16 11:05:28 INF:  QLM 1.2.1 M
2019-04-16 11:05:28 INF:  appType4thDimension:0x1700, interpreted
2019-04-16 11:05:28 INF:  -------------------------------------
2019-04-16 11:05:28 INF:  RTLoadStructKeys
2019-04-16 11:05:28 INF:  IOLoadStructureKeys
2019-04-16 11:05:28 ERR:  Get4DRes -192
2019-04-16 11:05:28 INF:  Struct key count: 0
2019-04-16 11:05:28 INF:  -------------------------------------
2019-04-16 11:05:28 INF:  RTLoadExtKeys
2019-04-16 11:05:28 INF:  IOLoadExternalKey
2019-04-16 11:05:28 INF:  Checking existense of directory: <CFURL 0x6000032184e0 [0x7fff8ec898f0]>{string = file:///Users/if65/Library/Application%20Support/4D/Licenses/Escape/, encoding = 134217984, base = (null)}
2019-04-16 11:05:28 INF:  Path exists: <CFURL 0x6000032184e0 [0x7fff8ec898f0]>{string = file:///Users/if65/Library/Application%20Support/4D/Licenses/Escape/, encoding = 134217984, base = (null)}
2019-04-16 11:05:28 INF:  Directory exists: <CFURL 0x6000032184e0 [0x7fff8ec898f0]>{string = file:///Users/if65/Library/Application%20Support/4D/Licenses/Escape/, encoding = 134217984, base = (null)}
2019-04-16 11:05:28 INF:  External key file path: /Users/if65/Library/Application Support/4D/Licenses/Escape/BB.QLC
2019-04-16 11:05:28 ERR:  ReadFromFile -43
2019-04-16 11:05:28 INF:  Ext key count: 0
2019-04-16 11:30:43 INF:  * RTShutdown *
2019-04-16 14:12:46 INF:  =====================================
2019-04-16 14:12:46 INF:  * RTStartup *
2019-04-16 14:12:46 INF:  -------------------------------------
2019-04-16 14:12:46 INF:  QLM 1.2.1 M
2019-04-16 14:12:46 INF:  appType4thDimension:0x1700, interpreted
2019-04-16 14:12:46 INF:  -------------------------------------
2019-04-16 14:12:46 INF:  RTLoadStructKeys
2019-04-16 14:12:46 INF:  IOLoadStructureKeys
2019-04-16 14:12:46 ERR:  Get4DRes -192
2019-04-16 14:12:46 INF:  Struct key count: 0
2019-04-16 14:12:46 INF:  -------------------------------------
2019-04-16 14:12:46 INF:  RTLoadExtKeys
2019-04-16 14:12:46 INF:  IOLoadExternalKey
2019-04-16 14:12:46 INF:  Checking existense of directory: <CFURL 0x6000031860a0 [0x7fff8ec898f0]>{string = file:///Users/if65/Library/Application%20Support/4D/Licenses/Escape/, encoding = 134217984, base = (null)}
2019-04-16 14:12:46 INF:  Path exists: <CFURL 0x6000031860a0 [0x7fff8ec898f0]>{string = file:///Users/if65/Library/Application%20Support/4D/Licenses/Escape/, encoding = 134217984, base = (null)}
2019-04-16 14:12:46 INF:  Directory exists: <CFURL 0x6000031860a0 [0x7fff8ec898f0]>{string = file:///Users/if65/Library/Application%20Support/4D/Licenses/Escape/, encoding = 134217984, base = (null)}
2019-04-16 14:12:46 INF:  External key file path: /Users/if65/Library/Application Support/4D/Licenses/Escape/BB.QLC
2019-04-16 14:12:46 ERR:  ReadFromFile -43
2019-04-16 14:12:46 INF:  Ext key count: 0
2019-04-16 14:55:04 INF:  * RTShutdown *
2019-04-16 15:55:50 INF:  =====================================
2019-04-16 15:55:50 INF:  * RTStartup *
2019-04-16 15:55:50 INF:  -------------------------------------
2019-04-16 15:55:50 INF:  QLM 1.2.1 M
2019-04-16 15:55:50 INF:  appType4thDimension:0x1700, interpreted
2019-04-16 15:55:50 INF:  -------------------------------------
2019-04-16 15:55:50 INF:  RTLoadStructKeys
2019-04-16 15:55:50 INF:  IOLoadStructureKeys
2019-04-16 15:55:50 ERR:  Get4DRes -192
2019-04-16 15:55:50 INF:  Struct key count: 0
2019-04-16 15:55:50 INF:  -------------------------------------
2019-04-16 15:55:50 INF:  RTLoadExtKeys
2019-04-16 15:55:50 INF:  IOLoadExternalKey
2019-04-16 15:55:50 INF:  Checking existense of directory: <CFURL 0x6000036c77e0 [0x7fff8ec898f0]>{string = file:///Users/if65/Library/Application%20Support/4D/Licenses/Escape/, encoding = 134217984, base = (null)}
2019-04-16 15:55:50 INF:  Path exists: <CFURL 0x6000036c77e0 [0x7fff8ec898f0]>{string = file:///Users/if65/Library/Application%20Support/4D/Licenses/Escape/, encoding = 134217984, base = (null)}
2019-04-16 15:55:50 INF:  Directory exists: <CFURL 0x6000036c77e0 [0x7fff8ec898f0]>{string = file:///Users/if65/Library/Application%20Support/4D/Licenses/Escape/, encoding = 134217984, base = (null)}
2019-04-16 15:55:50 INF:  External key file path: /Users/if65/Library/Application Support/4D/Licenses/Escape/BB.QLC
2019-04-16 15:55:50 ERR:  ReadFromFile -43
2019-04-16 15:55:50 INF:  Ext key count: 0
2019-04-16 16:04:35 INF:  * RTShutdown *
2019-04-16 16:21:26 INF:  =====================================
2019-04-16 16:21:26 INF:  * RTStartup *
2019-04-16 16:21:26 INF:  -------------------------------------
2019-04-16 16:21:26 INF:  QLM 1.2.1 M
2019-04-16 16:21:26 INF:  appType4thDimension:0x1700, interpreted
2019-04-16 16:21:26 INF:  -------------------------------------
2019-04-16 16:21:26 INF:  RTLoadStructKeys
2019-04-16 16:21:26 INF:  IOLoadStructureKeys
2019-04-16 16:21:26 ERR:  Get4DRes -192
2019-04-16 16:21:26 INF:  Struct key count: 0
2019-04-16 16:21:26 INF:  -------------------------------------
2019-04-16 16:21:26 INF:  RTLoadExtKeys
2019-04-16 16:21:26 INF:  IOLoadExternalKey
2019-04-16 16:21:26 INF:  Checking existense of directory: <CFURL 0x600003614e40 [0x7fff8e58c8f0]>{string = file:///Users/if65/Library/Application%20Support/4D/Licenses/Escape/, encoding = 134217984, base = (null)}
2019-04-16 16:21:26 INF:  Path exists: <CFURL 0x600003614e40 [0x7fff8e58c8f0]>{string = file:///Users/if65/Library/Application%20Support/4D/Licenses/Escape/, encoding = 134217984, base = (null)}
2019-04-16 16:21:26 INF:  Directory exists: <CFURL 0x600003614e40 [0x7fff8e58c8f0]>{string = file:///Users/if65/Library/Application%20Support/4D/Licenses/Escape/, encoding = 134217984, base = (null)}
2019-04-16 16:21:26 INF:  External key file path: /Users/if65/Library/Application Support/4D/Licenses/Escape/BB.QLC
2019-04-16 16:21:26 ERR:  ReadFromFile -43
2019-04-16 16:21:26 INF:  Ext key count: 0
2019-04-16 16:27:25 INF:  * RTShutdown *
2019-04-17 09:56:11 INF:  =====================================
2019-04-17 09:56:11 INF:  * RTStartup *
2019-04-17 09:56:11 INF:  -------------------------------------
2019-04-17 09:56:11 INF:  QLM 1.2.1 M
2019-04-17 09:56:11 INF:  appType4thDimension:0x1700, interpreted
2019-04-17 09:56:11 INF:  -------------------------------------
2019-04-17 09:56:11 INF:  RTLoadStructKeys
2019-04-17 09:56:11 INF:  IOLoadStructureKeys
2019-04-17 09:56:11 ERR:  Get4DRes -192
2019-04-17 09:56:11 INF:  Struct key count: 0
2019-04-17 09:56:11 INF:  -------------------------------------
2019-04-17 09:56:11 INF:  RTLoadExtKeys
2019-04-17 09:56:11 INF:  IOLoadExternalKey
2019-04-17 09:56:11 INF:  Checking existense of directory: <CFURL 0x6000021c8720 [0x7fff88b7c8f0]>{string = file:///Users/if65/Library/Application%20Support/4D/Licenses/Escape/, encoding = 134217984, base = (null)}
2019-04-17 09:56:11 INF:  Path exists: <CFURL 0x6000021c8720 [0x7fff88b7c8f0]>{string = file:///Users/if65/Library/Application%20Support/4D/Licenses/Escape/, encoding = 134217984, base = (null)}
2019-04-17 09:56:11 INF:  Directory exists: <CFURL 0x6000021c8720 [0x7fff88b7c8f0]>{string = file:///Users/if65/Library/Application%20Support/4D/Licenses/Escape/, encoding = 134217984, base = (null)}
2019-04-17 09:56:11 INF:  External key file path: /Users/if65/Library/Application Support/4D/Licenses/Escape/BB.QLC
2019-04-17 09:56:11 ERR:  ReadFromFile -43
2019-04-17 09:56:11 INF:  Ext key count: 0
2019-04-17 10:32:04 INF:  * RTShutdown *
2019-04-18 09:40:04 INF:  =====================================
2019-04-18 09:40:04 INF:  * RTStartup *
2019-04-18 09:40:04 INF:  -------------------------------------
2019-04-18 09:40:04 INF:  QLM 1.2.1 M
2019-04-18 09:40:04 INF:  appType4thDimension:0x1700, interpreted
2019-04-18 09:40:04 INF:  -------------------------------------
2019-04-18 09:40:04 INF:  RTLoadStructKeys
2019-04-18 09:40:04 INF:  IOLoadStructureKeys
2019-04-18 09:40:04 ERR:  Get4DRes -192
2019-04-18 09:40:04 INF:  Struct key count: 0
2019-04-18 09:40:04 INF:  -------------------------------------
2019-04-18 09:40:04 INF:  RTLoadExtKeys
2019-04-18 09:40:04 INF:  IOLoadExternalKey
2019-04-18 09:40:04 INF:  Checking existense of directory: <CFURL 0x6000031ea040 [0x7fff863358f0]>{string = file:///Users/if65/Library/Application%20Support/4D/Licenses/Escape/, encoding = 134217984, base = (null)}
2019-04-18 09:40:04 INF:  Path exists: <CFURL 0x6000031ea040 [0x7fff863358f0]>{string = file:///Users/if65/Library/Application%20Support/4D/Licenses/Escape/, encoding = 134217984, base = (null)}
2019-04-18 09:40:04 INF:  Directory exists: <CFURL 0x6000031ea040 [0x7fff863358f0]>{string = file:///Users/if65/Library/Application%20Support/4D/Licenses/Escape/, encoding = 134217984, base = (null)}
2019-04-18 09:40:04 INF:  External key file path: /Users/if65/Library/Application Support/4D/Licenses/Escape/BB.QLC
2019-04-18 09:40:04 ERR:  ReadFromFile -43
2019-04-18 09:40:04 INF:  Ext key count: 0
2019-04-18 10:32:19 INF:  * RTShutdown *
2019-04-18 14:41:17 INF:  =====================================
2019-04-18 14:41:17 INF:  * RTStartup *
2019-04-18 14:41:17 INF:  -------------------------------------
2019-04-18 14:41:17 INF:  QLM 1.2.1 M
2019-04-18 14:41:17 INF:  appType4thDimension:0x1700, interpreted
2019-04-18 14:41:17 INF:  -------------------------------------
2019-04-18 14:41:17 INF:  RTLoadStructKeys
2019-04-18 14:41:17 INF:  IOLoadStructureKeys
2019-04-18 14:41:17 ERR:  Get4DRes -192
2019-04-18 14:41:17 INF:  Struct key count: 0
2019-04-18 14:41:17 INF:  -------------------------------------
2019-04-18 14:41:17 INF:  RTLoadExtKeys
2019-04-18 14:41:17 INF:  IOLoadExternalKey
2019-04-18 14:41:17 INF:  Checking existense of directory: <CFURL 0x600002936a00 [0x7fff863358f0]>{string = file:///Users/if65/Library/Application%20Support/4D/Licenses/Escape/, encoding = 134217984, base = (null)}
2019-04-18 14:41:17 INF:  Path exists: <CFURL 0x600002936a00 [0x7fff863358f0]>{string = file:///Users/if65/Library/Application%20Support/4D/Licenses/Escape/, encoding = 134217984, base = (null)}
2019-04-18 14:41:17 INF:  Directory exists: <CFURL 0x600002936a00 [0x7fff863358f0]>{string = file:///Users/if65/Library/Application%20Support/4D/Licenses/Escape/, encoding = 134217984, base = (null)}
2019-04-18 14:41:17 INF:  External key file path: /Users/if65/Library/Application Support/4D/Licenses/Escape/BB.QLC
2019-04-18 14:41:17 ERR:  ReadFromFile -43
2019-04-18 14:41:17 INF:  Ext key count: 0
2019-04-18 14:45:00 INF:  * RTShutdown *
2019-04-18 15:24:55 INF:  =====================================
2019-04-18 15:24:55 INF:  * RTStartup *
2019-04-18 15:24:55 INF:  -------------------------------------
2019-04-18 15:24:55 INF:  QLM 1.2.1 M
2019-04-18 15:24:55 INF:  appType4thDimension:0x1700, interpreted
2019-04-18 15:24:55 INF:  -------------------------------------
2019-04-18 15:24:55 INF:  RTLoadStructKeys
2019-04-18 15:24:55 INF:  IOLoadStructureKeys
2019-04-18 15:24:55 ERR:  Get4DRes -192
2019-04-18 15:24:55 INF:  Struct key count: 0
2019-04-18 15:24:55 INF:  -------------------------------------
2019-04-18 15:24:55 INF:  RTLoadExtKeys
2019-04-18 15:24:55 INF:  IOLoadExternalKey
2019-04-18 15:24:55 INF:  Checking existense of directory: <CFURL 0x600001c8a640 [0x7fff863358f0]>{string = file:///Users/if65/Library/Application%20Support/4D/Licenses/Escape/, encoding = 134217984, base = (null)}
2019-04-18 15:24:55 INF:  Path exists: <CFURL 0x600001c8a640 [0x7fff863358f0]>{string = file:///Users/if65/Library/Application%20Support/4D/Licenses/Escape/, encoding = 134217984, base = (null)}
2019-04-18 15:24:55 INF:  Directory exists: <CFURL 0x600001c8a640 [0x7fff863358f0]>{string = file:///Users/if65/Library/Application%20Support/4D/Licenses/Escape/, encoding = 134217984, base = (null)}
2019-04-18 15:24:55 INF:  External key file path: /Users/if65/Library/Application Support/4D/Licenses/Escape/BB.QLC
2019-04-18 15:24:55 ERR:  ReadFromFile -43
2019-04-18 15:24:55 INF:  Ext key count: 0
2019-04-18 16:30:29 INF:  * RTShutdown *
2019-04-24 09:54:09 INF:  =====================================
2019-04-24 09:54:09 INF:  * RTStartup *
2019-04-24 09:54:09 INF:  -------------------------------------
2019-04-24 09:54:09 INF:  QLM 1.2.1 M
2019-04-24 09:54:09 INF:  appType4thDimension:0x1700, interpreted
2019-04-24 09:54:09 INF:  -------------------------------------
2019-04-24 09:54:09 INF:  RTLoadStructKeys
2019-04-24 09:54:09 INF:  IOLoadStructureKeys
2019-04-24 09:54:09 ERR:  Get4DRes -192
2019-04-24 09:54:09 INF:  Struct key count: 0
2019-04-24 09:54:09 INF:  -------------------------------------
2019-04-24 09:54:09 INF:  RTLoadExtKeys
2019-04-24 09:54:09 INF:  IOLoadExternalKey
2019-04-24 09:54:09 INF:  Checking existense of directory: <CFURL 0x60000324e400 [0x7fff9277a8f0]>{string = file:///Users/if65/Library/Application%20Support/4D/Licenses/Escape/, encoding = 134217984, base = (null)}
2019-04-24 09:54:09 INF:  Path exists: <CFURL 0x60000324e400 [0x7fff9277a8f0]>{string = file:///Users/if65/Library/Application%20Support/4D/Licenses/Escape/, encoding = 134217984, base = (null)}
2019-04-24 09:54:09 INF:  Directory exists: <CFURL 0x60000324e400 [0x7fff9277a8f0]>{string = file:///Users/if65/Library/Application%20Support/4D/Licenses/Escape/, encoding = 134217984, base = (null)}
2019-04-24 09:54:09 INF:  External key file path: /Users/if65/Library/Application Support/4D/Licenses/Escape/BB.QLC
2019-04-24 09:54:09 ERR:  ReadFromFile -43
2019-04-24 09:54:09 INF:  Ext key count: 0
2019-04-24 13:48:09 INF:  * RTShutdown *
2019-04-24 14:02:53 INF:  =====================================
2019-04-24 14:02:53 INF:  * RTStartup *
2019-04-24 14:02:53 INF:  -------------------------------------
2019-04-24 14:02:53 INF:  QLM 1.2.1 M
2019-04-24 14:02:53 INF:  appType4thDimension:0x1700, interpreted
2019-04-24 14:02:53 INF:  -------------------------------------
2019-04-24 14:02:53 INF:  RTLoadStructKeys
2019-04-24 14:02:53 INF:  IOLoadStructureKeys
2019-04-24 14:02:53 ERR:  Get4DRes -192
2019-04-24 14:02:53 INF:  Struct key count: 0
2019-04-24 14:02:53 INF:  -------------------------------------
2019-04-24 14:02:53 INF:  RTLoadExtKeys
2019-04-24 14:02:53 INF:  IOLoadExternalKey
2019-04-24 14:02:53 INF:  Checking existense of directory: <CFURL 0x600002eb1920 [0x7fff9277a8f0]>{string = file:///Users/if65/Library/Application%20Support/4D/Licenses/Escape/, encoding = 134217984, base = (null)}
2019-04-24 14:02:53 INF:  Path exists: <CFURL 0x600002eb1920 [0x7fff9277a8f0]>{string = file:///Users/if65/Library/Application%20Support/4D/Licenses/Escape/, encoding = 134217984, base = (null)}
2019-04-24 14:02:53 INF:  Directory exists: <CFURL 0x600002eb1920 [0x7fff9277a8f0]>{string = file:///Users/if65/Library/Application%20Support/4D/Licenses/Escape/, encoding = 134217984, base = (null)}
2019-04-24 14:02:53 INF:  External key file path: /Users/if65/Library/Application Support/4D/Licenses/Escape/BB.QLC
2019-04-24 14:02:53 ERR:  ReadFromFile -43
2019-04-24 14:02:53 INF:  Ext key count: 0
2019-04-24 14:38:01 INF:  * RTShutdown *
2019-04-24 15:53:56 INF:  =====================================
2019-04-24 15:53:56 INF:  * RTStartup *
2019-04-24 15:53:56 INF:  -------------------------------------
2019-04-24 15:53:56 INF:  QLM 1.2.1 M
2019-04-24 15:53:56 INF:  appType4thDimension:0x1700, interpreted
2019-04-24 15:53:56 INF:  -------------------------------------
2019-04-24 15:53:56 INF:  RTLoadStructKeys
2019-04-24 15:53:56 INF:  IOLoadStructureKeys
2019-04-24 15:53:56 ERR:  Get4DRes -192
2019-04-24 15:53:56 INF:  Struct key count: 0
2019-04-24 15:53:56 INF:  -------------------------------------
2019-04-24 15:53:56 INF:  RTLoadExtKeys
2019-04-24 15:53:56 INF:  IOLoadExternalKey
2019-04-24 15:53:56 INF:  Checking existense of directory: <CFURL 0x6000010dc360 [0x7fff9277a8f0]>{string = file:///Users/if65/Library/Application%20Support/4D/Licenses/Escape/, encoding = 134217984, base = (null)}
2019-04-24 15:53:56 INF:  Path exists: <CFURL 0x6000010dc360 [0x7fff9277a8f0]>{string = file:///Users/if65/Library/Application%20Support/4D/Licenses/Escape/, encoding = 134217984, base = (null)}
2019-04-24 15:53:56 INF:  Directory exists: <CFURL 0x6000010dc360 [0x7fff9277a8f0]>{string = file:///Users/if65/Library/Application%20Support/4D/Licenses/Escape/, encoding = 134217984, base = (null)}
2019-04-24 15:53:56 INF:  External key file path: /Users/if65/Library/Application Support/4D/Licenses/Escape/BB.QLC
2019-04-24 15:53:56 ERR:  ReadFromFile -43
2019-04-24 15:53:56 INF:  Ext key count: 0
2019-04-24 16:18:51 INF:  * RTShutdown *
2019-04-24 16:31:59 INF:  =====================================
2019-04-24 16:31:59 INF:  * RTStartup *
2019-04-24 16:31:59 INF:  -------------------------------------
2019-04-24 16:31:59 INF:  QLM 1.2.1 M
2019-04-24 16:31:59 INF:  appType4thDimension:0x1700, interpreted
2019-04-24 16:31:59 INF:  -------------------------------------
2019-04-24 16:31:59 INF:  RTLoadStructKeys
2019-04-24 16:31:59 INF:  IOLoadStructureKeys
2019-04-24 16:31:59 ERR:  Get4DRes -192
2019-04-24 16:31:59 INF:  Struct key count: 0
2019-04-24 16:31:59 INF:  -------------------------------------
2019-04-24 16:31:59 INF:  RTLoadExtKeys
2019-04-24 16:31:59 INF:  IOLoadExternalKey
2019-04-24 16:31:59 INF:  Checking existense of directory: <CFURL 0x60000195f0c0 [0x7fff9277a8f0]>{string = file:///Users/if65/Library/Application%20Support/4D/Licenses/Escape/, encoding = 134217984, base = (null)}
2019-04-24 16:31:59 INF:  Path exists: <CFURL 0x60000195f0c0 [0x7fff9277a8f0]>{string = file:///Users/if65/Library/Application%20Support/4D/Licenses/Escape/, encoding = 134217984, base = (null)}
2019-04-24 16:31:59 INF:  Directory exists: <CFURL 0x60000195f0c0 [0x7fff9277a8f0]>{string = file:///Users/if65/Library/Application%20Support/4D/Licenses/Escape/, encoding = 134217984, base = (null)}
2019-04-24 16:31:59 INF:  External key file path: /Users/if65/Library/Application Support/4D/Licenses/Escape/BB.QLC
2019-04-24 16:31:59 ERR:  ReadFromFile -43
2019-04-24 16:31:59 INF:  Ext key count: 0
2019-04-24 16:38:10 INF:  * RTShutdown *
2019-04-24 17:58:33 INF:  =====================================
2019-04-24 17:58:33 INF:  * RTStartup *
2019-04-24 17:58:33 INF:  -------------------------------------
2019-04-24 17:58:33 INF:  QLM 1.2.1 M
2019-04-24 17:58:33 INF:  appType4thDimension:0x1700, interpreted
2019-04-24 17:58:33 INF:  -------------------------------------
2019-04-24 17:58:33 INF:  RTLoadStructKeys
2019-04-24 17:58:33 INF:  IOLoadStructureKeys
2019-04-24 17:58:33 ERR:  Get4DRes -192
2019-04-24 17:58:33 INF:  Struct key count: 0
2019-04-24 17:58:33 INF:  -------------------------------------
2019-04-24 17:58:33 INF:  RTLoadExtKeys
2019-04-24 17:58:33 INF:  IOLoadExternalKey
2019-04-24 17:58:33 INF:  Checking existense of directory: <CFURL 0x60000290a8e0 [0x7fff9277a8f0]>{string = file:///Users/if65/Library/Application%20Support/4D/Licenses/Escape/, encoding = 134217984, base = (null)}
2019-04-24 17:58:33 INF:  Path exists: <CFURL 0x60000290a8e0 [0x7fff9277a8f0]>{string = file:///Users/if65/Library/Application%20Support/4D/Licenses/Escape/, encoding = 134217984, base = (null)}
2019-04-24 17:58:33 INF:  Directory exists: <CFURL 0x60000290a8e0 [0x7fff9277a8f0]>{string = file:///Users/if65/Library/Application%20Support/4D/Licenses/Escape/, encoding = 134217984, base = (null)}
2019-04-24 17:58:33 INF:  External key file path: /Users/if65/Library/Application Support/4D/Licenses/Escape/BB.QLC
2019-04-24 17:58:33 ERR:  ReadFromFile -43
2019-04-24 17:58:33 INF:  Ext key count: 0
2019-04-24 18:06:16 INF:  * RTShutdown *
2019-04-26 09:27:31 INF:  =====================================
2019-04-26 09:27:31 INF:  * RTStartup *
2019-04-26 09:27:31 INF:  -------------------------------------
2019-04-26 09:27:31 INF:  QLM 1.2.1 M
2019-04-26 09:27:31 INF:  appType4thDimension:0x1700, interpreted
2019-04-26 09:27:31 INF:  -------------------------------------
2019-04-26 09:27:31 INF:  RTLoadStructKeys
2019-04-26 09:27:31 INF:  IOLoadStructureKeys
2019-04-26 09:27:31 ERR:  Get4DRes -192
2019-04-26 09:27:31 INF:  Struct key count: 0
2019-04-26 09:27:31 INF:  -------------------------------------
2019-04-26 09:27:31 INF:  RTLoadExtKeys
2019-04-26 09:27:31 INF:  IOLoadExternalKey
2019-04-26 09:27:31 INF:  Checking existense of directory: <CFURL 0x600002db6100 [0x7fff9277a8f0]>{string = file:///Users/if65/Library/Application%20Support/4D/Licenses/Escape/, encoding = 134217984, base = (null)}
2019-04-26 09:27:31 INF:  Path exists: <CFURL 0x600002db6100 [0x7fff9277a8f0]>{string = file:///Users/if65/Library/Application%20Support/4D/Licenses/Escape/, encoding = 134217984, base = (null)}
2019-04-26 09:27:31 INF:  Directory exists: <CFURL 0x600002db6100 [0x7fff9277a8f0]>{string = file:///Users/if65/Library/Application%20Support/4D/Licenses/Escape/, encoding = 134217984, base = (null)}
2019-04-26 09:27:31 INF:  External key file path: /Users/if65/Library/Application Support/4D/Licenses/Escape/BB.QLC
2019-04-26 09:27:31 ERR:  ReadFromFile -43
2019-04-26 09:27:31 INF:  Ext key count: 0
2019-04-26 20:36:14 INF:  * RTShutdown *
