2019-02-01 15:06:38 INF:  =====================================
2019-02-01 15:06:38 INF:  * RTStartup *
2019-02-01 15:06:38 INF:  -------------------------------------
2019-02-01 15:06:38 INF:  QLM 1.2.1 M
2019-02-01 15:06:38 INF:  appType4thDimension:0x1700, interpreted
2019-02-01 15:06:38 INF:  -------------------------------------
2019-02-01 15:06:38 INF:  RTLoadStructKeys
2019-02-01 15:06:38 INF:  IOLoadStructureKeys
2019-02-01 15:06:38 ERR:  Get4DRes -192
2019-02-01 15:06:38 INF:  Struct key count: 0
2019-02-01 15:06:38 INF:  -------------------------------------
2019-02-01 15:06:38 INF:  RTLoadExtKeys
2019-02-01 15:06:38 INF:  IOLoadExternalKey
2019-02-01 15:06:38 INF:  Checking existense of directory: <CFURL 0x600002325ce0 [0x7fff8b6ad8f0]>{string = file:///Users/if65/Library/Application%20Support/4D/Licenses/Escape/, encoding = 134217984, base = (null)}
2019-02-01 15:06:38 INF:  Path exists: <CFURL 0x600002325ce0 [0x7fff8b6ad8f0]>{string = file:///Users/if65/Library/Application%20Support/4D/Licenses/Escape/, encoding = 134217984, base = (null)}
2019-02-01 15:06:38 INF:  Directory exists: <CFURL 0x600002325ce0 [0x7fff8b6ad8f0]>{string = file:///Users/if65/Library/Application%20Support/4D/Licenses/Escape/, encoding = 134217984, base = (null)}
2019-02-01 15:06:38 INF:  External key file path: /Users/if65/Library/Application Support/4D/Licenses/Escape/BB.QLC
2019-02-01 15:06:38 ERR:  ReadFromFile -43
2019-02-01 15:06:38 INF:  Ext key count: 0
2019-02-01 15:25:10 INF:  * RTShutdown *
2019-02-04 11:06:00 INF:  =====================================
2019-02-04 11:06:00 INF:  * RTStartup *
2019-02-04 11:06:00 INF:  -------------------------------------
2019-02-04 11:06:00 INF:  QLM 1.2.1 M
2019-02-04 11:06:00 INF:  appType4thDimension:0x1700, interpreted
2019-02-04 11:06:00 INF:  -------------------------------------
2019-02-04 11:06:00 INF:  RTLoadStructKeys
2019-02-04 11:06:00 INF:  IOLoadStructureKeys
2019-02-04 11:06:00 ERR:  Get4DRes -192
2019-02-04 11:06:00 INF:  Struct key count: 0
2019-02-04 11:06:00 INF:  -------------------------------------
2019-02-04 11:06:00 INF:  RTLoadExtKeys
2019-02-04 11:06:00 INF:  IOLoadExternalKey
2019-02-04 11:06:00 INF:  Checking existense of directory: <CFURL 0x600001650480 [0x7fff8b6ad8f0]>{string = file:///Users/if65/Library/Application%20Support/4D/Licenses/Escape/, encoding = 134217984, base = (null)}
2019-02-04 11:06:00 INF:  Path exists: <CFURL 0x600001650480 [0x7fff8b6ad8f0]>{string = file:///Users/if65/Library/Application%20Support/4D/Licenses/Escape/, encoding = 134217984, base = (null)}
2019-02-04 11:06:00 INF:  Directory exists: <CFURL 0x600001650480 [0x7fff8b6ad8f0]>{string = file:///Users/if65/Library/Application%20Support/4D/Licenses/Escape/, encoding = 134217984, base = (null)}
2019-02-04 11:06:00 INF:  External key file path: /Users/if65/Library/Application Support/4D/Licenses/Escape/BB.QLC
2019-02-04 11:06:00 ERR:  ReadFromFile -43
2019-02-04 11:06:00 INF:  Ext key count: 0
2019-02-04 11:14:14 INF:  * RTShutdown *
2019-02-04 11:23:56 INF:  =====================================
2019-02-04 11:23:56 INF:  * RTStartup *
2019-02-04 11:23:56 INF:  -------------------------------------
2019-02-04 11:23:56 INF:  QLM 1.2.1 M
2019-02-04 11:23:56 INF:  appType4thDimension:0x1700, interpreted
2019-02-04 11:23:56 INF:  -------------------------------------
2019-02-04 11:23:56 INF:  RTLoadStructKeys
2019-02-04 11:23:56 INF:  IOLoadStructureKeys
2019-02-04 11:23:56 ERR:  Get4DRes -192
2019-02-04 11:23:56 INF:  Struct key count: 0
2019-02-04 11:23:56 INF:  -------------------------------------
2019-02-04 11:23:56 INF:  RTLoadExtKeys
2019-02-04 11:23:56 INF:  IOLoadExternalKey
2019-02-04 11:23:56 INF:  Checking existense of directory: <CFURL 0x600003727e40 [0x7fff8b6ad8f0]>{string = file:///Users/if65/Library/Application%20Support/4D/Licenses/Escape/, encoding = 134217984, base = (null)}
2019-02-04 11:23:56 INF:  Path exists: <CFURL 0x600003727e40 [0x7fff8b6ad8f0]>{string = file:///Users/if65/Library/Application%20Support/4D/Licenses/Escape/, encoding = 134217984, base = (null)}
2019-02-04 11:23:56 INF:  Directory exists: <CFURL 0x600003727e40 [0x7fff8b6ad8f0]>{string = file:///Users/if65/Library/Application%20Support/4D/Licenses/Escape/, encoding = 134217984, base = (null)}
2019-02-04 11:23:56 INF:  External key file path: /Users/if65/Library/Application Support/4D/Licenses/Escape/BB.QLC
2019-02-04 11:23:56 ERR:  ReadFromFile -43
2019-02-04 11:23:56 INF:  Ext key count: 0
2019-02-04 11:24:27 INF:  * RTShutdown *
2019-02-04 11:24:42 INF:  =====================================
2019-02-04 11:24:42 INF:  * RTStartup *
2019-02-04 11:24:42 INF:  -------------------------------------
2019-02-04 11:24:42 INF:  QLM 1.2.1 M
2019-02-04 11:24:42 INF:  appType4thDimension:0x1700, interpreted
2019-02-04 11:24:42 INF:  -------------------------------------
2019-02-04 11:24:42 INF:  RTLoadStructKeys
2019-02-04 11:24:42 INF:  IOLoadStructureKeys
2019-02-04 11:24:42 ERR:  Get4DRes -192
2019-02-04 11:24:42 INF:  Struct key count: 0
2019-02-04 11:24:42 INF:  -------------------------------------
2019-02-04 11:24:42 INF:  RTLoadExtKeys
2019-02-04 11:24:42 INF:  IOLoadExternalKey
2019-02-04 11:24:42 INF:  Checking existense of directory: <CFURL 0x600003a05f20 [0x7fff8b6ad8f0]>{string = file:///Users/if65/Library/Application%20Support/4D/Licenses/Escape/, encoding = 134217984, base = (null)}
2019-02-04 11:24:42 INF:  Path exists: <CFURL 0x600003a05f20 [0x7fff8b6ad8f0]>{string = file:///Users/if65/Library/Application%20Support/4D/Licenses/Escape/, encoding = 134217984, base = (null)}
2019-02-04 11:24:42 INF:  Directory exists: <CFURL 0x600003a05f20 [0x7fff8b6ad8f0]>{string = file:///Users/if65/Library/Application%20Support/4D/Licenses/Escape/, encoding = 134217984, base = (null)}
2019-02-04 11:24:42 INF:  External key file path: /Users/if65/Library/Application Support/4D/Licenses/Escape/BB.QLC
2019-02-04 11:24:42 ERR:  ReadFromFile -43
2019-02-04 11:24:42 INF:  Ext key count: 0
2019-02-04 11:33:21 INF:  * RTShutdown *
2019-02-06 14:13:02 INF:  =====================================
2019-02-06 14:13:02 INF:  * RTStartup *
2019-02-06 14:13:02 INF:  -------------------------------------
2019-02-06 14:13:02 INF:  QLM 1.2.1 M
2019-02-06 14:13:02 INF:  appType4thDimension:0x1700, interpreted
2019-02-06 14:13:02 INF:  -------------------------------------
2019-02-06 14:13:02 INF:  RTLoadStructKeys
2019-02-06 14:13:02 INF:  IOLoadStructureKeys
2019-02-06 14:13:02 ERR:  Get4DRes -192
2019-02-06 14:13:02 INF:  Struct key count: 0
2019-02-06 14:13:02 INF:  -------------------------------------
2019-02-06 14:13:02 INF:  RTLoadExtKeys
2019-02-06 14:13:02 INF:  IOLoadExternalKey
2019-02-06 14:13:02 INF:  Checking existense of directory: <CFURL 0x600000b44780 [0x7fff911288f0]>{string = file:///Users/if65/Library/Application%20Support/4D/Licenses/Escape/, encoding = 134217984, base = (null)}
2019-02-06 14:13:02 INF:  Path exists: <CFURL 0x600000b44780 [0x7fff911288f0]>{string = file:///Users/if65/Library/Application%20Support/4D/Licenses/Escape/, encoding = 134217984, base = (null)}
2019-02-06 14:13:02 INF:  Directory exists: <CFURL 0x600000b44780 [0x7fff911288f0]>{string = file:///Users/if65/Library/Application%20Support/4D/Licenses/Escape/, encoding = 134217984, base = (null)}
2019-02-06 14:13:02 INF:  External key file path: /Users/if65/Library/Application Support/4D/Licenses/Escape/BB.QLC
2019-02-06 14:13:02 ERR:  ReadFromFile -43
2019-02-06 14:13:02 INF:  Ext key count: 0
2019-02-06 14:13:33 INF:  * RTShutdown *
2019-02-08 11:49:00 INF:  =====================================
2019-02-08 11:49:00 INF:  * RTStartup *
2019-02-08 11:49:00 INF:  -------------------------------------
2019-02-08 11:49:00 INF:  QLM 1.2.1 M
2019-02-08 11:49:00 INF:  appType4thDimension:0x1700, interpreted
2019-02-08 11:49:00 INF:  -------------------------------------
2019-02-08 11:49:00 INF:  RTLoadStructKeys
2019-02-08 11:49:00 INF:  IOLoadStructureKeys
2019-02-08 11:49:00 ERR:  Get4DRes -192
2019-02-08 11:49:00 INF:  Struct key count: 0
2019-02-08 11:49:00 INF:  -------------------------------------
2019-02-08 11:49:00 INF:  RTLoadExtKeys
2019-02-08 11:49:00 INF:  IOLoadExternalKey
2019-02-08 11:49:00 INF:  Checking existense of directory: <CFURL 0x600002198300 [0x7fffa9e3d8f0]>{string = file:///Users/if65/Library/Application%20Support/4D/Licenses/Escape/, encoding = 134217984, base = (null)}
2019-02-08 11:49:00 INF:  Path exists: <CFURL 0x600002198300 [0x7fffa9e3d8f0]>{string = file:///Users/if65/Library/Application%20Support/4D/Licenses/Escape/, encoding = 134217984, base = (null)}
2019-02-08 11:49:00 INF:  Directory exists: <CFURL 0x600002198300 [0x7fffa9e3d8f0]>{string = file:///Users/if65/Library/Application%20Support/4D/Licenses/Escape/, encoding = 134217984, base = (null)}
2019-02-08 11:49:00 INF:  External key file path: /Users/if65/Library/Application Support/4D/Licenses/Escape/BB.QLC
2019-02-08 11:49:00 ERR:  ReadFromFile -43
2019-02-08 11:49:00 INF:  Ext key count: 0
2019-02-08 11:49:37 INF:  * RTShutdown *
2019-02-11 08:56:13 INF:  =====================================
2019-02-11 08:56:13 INF:  * RTStartup *
2019-02-11 08:56:13 INF:  -------------------------------------
2019-02-11 08:56:13 INF:  QLM 1.2.1 M
2019-02-11 08:56:13 INF:  appType4thDimension:0x1700, interpreted
2019-02-11 08:56:13 INF:  -------------------------------------
2019-02-11 08:56:13 INF:  RTLoadStructKeys
2019-02-11 08:56:13 INF:  IOLoadStructureKeys
2019-02-11 08:56:13 ERR:  Get4DRes -192
2019-02-11 08:56:13 INF:  Struct key count: 0
2019-02-11 08:56:13 INF:  -------------------------------------
2019-02-11 08:56:13 INF:  RTLoadExtKeys
2019-02-11 08:56:13 INF:  IOLoadExternalKey
2019-02-11 08:56:13 INF:  Checking existense of directory: <CFURL 0x6000029c0c00 [0x7fff8a6748f0]>{string = file:///Users/if65/Library/Application%20Support/4D/Licenses/Escape/, encoding = 134217984, base = (null)}
2019-02-11 08:56:13 INF:  Path exists: <CFURL 0x6000029c0c00 [0x7fff8a6748f0]>{string = file:///Users/if65/Library/Application%20Support/4D/Licenses/Escape/, encoding = 134217984, base = (null)}
2019-02-11 08:56:13 INF:  Directory exists: <CFURL 0x6000029c0c00 [0x7fff8a6748f0]>{string = file:///Users/if65/Library/Application%20Support/4D/Licenses/Escape/, encoding = 134217984, base = (null)}
2019-02-11 08:56:13 INF:  External key file path: /Users/if65/Library/Application Support/4D/Licenses/Escape/BB.QLC
2019-02-11 08:56:13 ERR:  ReadFromFile -43
2019-02-11 08:56:13 INF:  Ext key count: 0
2019-02-11 09:01:05 INF:  * RTShutdown *
2019-02-11 12:27:43 INF:  =====================================
2019-02-11 12:27:43 INF:  * RTStartup *
2019-02-11 12:27:43 INF:  -------------------------------------
2019-02-11 12:27:43 INF:  QLM 1.2.1 M
2019-02-11 12:27:43 INF:  appType4thDimension:0x1700, interpreted
2019-02-11 12:27:43 INF:  -------------------------------------
2019-02-11 12:27:43 INF:  RTLoadStructKeys
2019-02-11 12:27:43 INF:  IOLoadStructureKeys
2019-02-11 12:27:43 ERR:  Get4DRes -192
2019-02-11 12:27:43 INF:  Struct key count: 0
2019-02-11 12:27:43 INF:  -------------------------------------
2019-02-11 12:27:43 INF:  RTLoadExtKeys
2019-02-11 12:27:43 INF:  IOLoadExternalKey
2019-02-11 12:27:43 INF:  Checking existense of directory: <CFURL 0x600002e91380 [0x7fff8a6748f0]>{string = file:///Users/if65/Library/Application%20Support/4D/Licenses/Escape/, encoding = 134217984, base = (null)}
2019-02-11 12:27:43 INF:  Path exists: <CFURL 0x600002e91380 [0x7fff8a6748f0]>{string = file:///Users/if65/Library/Application%20Support/4D/Licenses/Escape/, encoding = 134217984, base = (null)}
2019-02-11 12:27:43 INF:  Directory exists: <CFURL 0x600002e91380 [0x7fff8a6748f0]>{string = file:///Users/if65/Library/Application%20Support/4D/Licenses/Escape/, encoding = 134217984, base = (null)}
2019-02-11 12:27:43 INF:  External key file path: /Users/if65/Library/Application Support/4D/Licenses/Escape/BB.QLC
2019-02-11 12:27:43 ERR:  ReadFromFile -43
2019-02-11 12:27:43 INF:  Ext key count: 0
2019-02-11 12:28:16 INF:  * RTShutdown *
2019-02-18 17:19:32 INF:  =====================================
2019-02-18 17:19:32 INF:  * RTStartup *
2019-02-18 17:19:32 INF:  -------------------------------------
2019-02-18 17:19:32 INF:  QLM 1.2.1 M
2019-02-18 17:19:32 INF:  appType4thDimension:0x1700, interpreted
2019-02-18 17:19:32 INF:  -------------------------------------
2019-02-18 17:19:32 INF:  RTLoadStructKeys
2019-02-18 17:19:32 INF:  IOLoadStructureKeys
2019-02-18 17:19:32 ERR:  Get4DRes -192
2019-02-18 17:19:32 INF:  Struct key count: 0
2019-02-18 17:19:32 INF:  -------------------------------------
2019-02-18 17:19:32 INF:  RTLoadExtKeys
2019-02-18 17:19:32 INF:  IOLoadExternalKey
2019-02-18 17:19:32 INF:  Checking existense of directory: <CFURL 0x6000018726a0 [0x7fffa45048f0]>{string = file:///Users/if65/Library/Application%20Support/4D/Licenses/Escape/, encoding = 134217984, base = (null)}
2019-02-18 17:19:32 INF:  Path exists: <CFURL 0x6000018726a0 [0x7fffa45048f0]>{string = file:///Users/if65/Library/Application%20Support/4D/Licenses/Escape/, encoding = 134217984, base = (null)}
2019-02-18 17:19:32 INF:  Directory exists: <CFURL 0x6000018726a0 [0x7fffa45048f0]>{string = file:///Users/if65/Library/Application%20Support/4D/Licenses/Escape/, encoding = 134217984, base = (null)}
2019-02-18 17:19:32 INF:  External key file path: /Users/if65/Library/Application Support/4D/Licenses/Escape/BB.QLC
2019-02-18 17:19:32 ERR:  ReadFromFile -43
2019-02-18 17:19:32 INF:  Ext key count: 0
2019-02-18 18:43:42 INF:  * RTShutdown *
2019-02-19 17:17:22 INF:  =====================================
2019-02-19 17:17:22 INF:  * RTStartup *
2019-02-19 17:17:22 INF:  -------------------------------------
2019-02-19 17:17:22 INF:  QLM 1.2.1 M
2019-02-19 17:17:22 INF:  appType4thDimension:0x1700, interpreted
2019-02-19 17:17:22 INF:  -------------------------------------
2019-02-19 17:17:22 INF:  RTLoadStructKeys
2019-02-19 17:17:22 INF:  IOLoadStructureKeys
2019-02-19 17:17:22 ERR:  Get4DRes -192
2019-02-19 17:17:22 INF:  Struct key count: 0
2019-02-19 17:17:22 INF:  -------------------------------------
2019-02-19 17:17:22 INF:  RTLoadExtKeys
2019-02-19 17:17:22 INF:  IOLoadExternalKey
2019-02-19 17:17:22 INF:  Checking existense of directory: <CFURL 0x6000009a82a0 [0x7fffa45048f0]>{string = file:///Users/if65/Library/Application%20Support/4D/Licenses/Escape/, encoding = 134217984, base = (null)}
2019-02-19 17:17:22 INF:  Path exists: <CFURL 0x6000009a82a0 [0x7fffa45048f0]>{string = file:///Users/if65/Library/Application%20Support/4D/Licenses/Escape/, encoding = 134217984, base = (null)}
2019-02-19 17:17:22 INF:  Directory exists: <CFURL 0x6000009a82a0 [0x7fffa45048f0]>{string = file:///Users/if65/Library/Application%20Support/4D/Licenses/Escape/, encoding = 134217984, base = (null)}
2019-02-19 17:17:22 INF:  External key file path: /Users/if65/Library/Application Support/4D/Licenses/Escape/BB.QLC
2019-02-19 17:17:22 ERR:  ReadFromFile -43
2019-02-19 17:17:22 INF:  Ext key count: 0
2019-02-19 17:26:07 INF:  * RTShutdown *
2019-02-19 17:31:32 INF:  =====================================
2019-02-19 17:31:32 INF:  * RTStartup *
2019-02-19 17:31:32 INF:  -------------------------------------
2019-02-19 17:31:32 INF:  QLM 1.2.1 M
2019-02-19 17:31:32 INF:  appType4thDimension:0x1700, interpreted
2019-02-19 17:31:32 INF:  -------------------------------------
2019-02-19 17:31:32 INF:  RTLoadStructKeys
2019-02-19 17:31:32 INF:  IOLoadStructureKeys
2019-02-19 17:31:32 ERR:  Get4DRes -192
2019-02-19 17:31:32 INF:  Struct key count: 0
2019-02-19 17:31:32 INF:  -------------------------------------
2019-02-19 17:31:32 INF:  RTLoadExtKeys
2019-02-19 17:31:32 INF:  IOLoadExternalKey
2019-02-19 17:31:32 INF:  Checking existense of directory: <CFURL 0x6000005ecae0 [0x7fffa45048f0]>{string = file:///Users/if65/Library/Application%20Support/4D/Licenses/Escape/, encoding = 134217984, base = (null)}
2019-02-19 17:31:32 INF:  Path exists: <CFURL 0x6000005ecae0 [0x7fffa45048f0]>{string = file:///Users/if65/Library/Application%20Support/4D/Licenses/Escape/, encoding = 134217984, base = (null)}
2019-02-19 17:31:32 INF:  Directory exists: <CFURL 0x6000005ecae0 [0x7fffa45048f0]>{string = file:///Users/if65/Library/Application%20Support/4D/Licenses/Escape/, encoding = 134217984, base = (null)}
2019-02-19 17:31:32 INF:  External key file path: /Users/if65/Library/Application Support/4D/Licenses/Escape/BB.QLC
2019-02-19 17:31:32 ERR:  ReadFromFile -43
2019-02-19 17:31:32 INF:  Ext key count: 0
2019-02-19 17:32:21 INF:  * RTShutdown *
2019-02-19 17:35:26 INF:  =====================================
2019-02-19 17:35:26 INF:  * RTStartup *
2019-02-19 17:35:26 INF:  -------------------------------------
2019-02-19 17:35:26 INF:  QLM 1.2.1 M
2019-02-19 17:35:26 INF:  appType4thDimension:0x1700, interpreted
2019-02-19 17:35:26 INF:  -------------------------------------
2019-02-19 17:35:26 INF:  RTLoadStructKeys
2019-02-19 17:35:26 INF:  IOLoadStructureKeys
2019-02-19 17:35:26 ERR:  Get4DRes -192
2019-02-19 17:35:26 INF:  Struct key count: 0
2019-02-19 17:35:26 INF:  -------------------------------------
2019-02-19 17:35:26 INF:  RTLoadExtKeys
2019-02-19 17:35:26 INF:  IOLoadExternalKey
2019-02-19 17:35:26 INF:  Checking existense of directory: <CFURL 0x600001a45260 [0x7fffa45048f0]>{string = file:///Users/if65/Library/Application%20Support/4D/Licenses/Escape/, encoding = 134217984, base = (null)}
2019-02-19 17:35:26 INF:  Path exists: <CFURL 0x600001a45260 [0x7fffa45048f0]>{string = file:///Users/if65/Library/Application%20Support/4D/Licenses/Escape/, encoding = 134217984, base = (null)}
2019-02-19 17:35:26 INF:  Directory exists: <CFURL 0x600001a45260 [0x7fffa45048f0]>{string = file:///Users/if65/Library/Application%20Support/4D/Licenses/Escape/, encoding = 134217984, base = (null)}
2019-02-19 17:35:26 INF:  External key file path: /Users/if65/Library/Application Support/4D/Licenses/Escape/BB.QLC
2019-02-19 17:35:26 ERR:  ReadFromFile -43
2019-02-19 17:35:26 INF:  Ext key count: 0
2019-02-19 17:42:58 INF:  * RTShutdown *
2019-02-19 21:47:29 INF:  =====================================
2019-02-19 21:47:29 INF:  * RTStartup *
2019-02-19 21:47:29 INF:  -------------------------------------
2019-02-19 21:47:29 INF:  QLM 1.2.1 M
2019-02-19 21:47:29 INF:  appType4thDimension:0x1700, interpreted
2019-02-19 21:47:29 INF:  -------------------------------------
2019-02-19 21:47:29 INF:  RTLoadStructKeys
2019-02-19 21:47:29 INF:  IOLoadStructureKeys
2019-02-19 21:47:29 ERR:  Get4DRes -192
2019-02-19 21:47:29 INF:  Struct key count: 0
2019-02-19 21:47:29 INF:  -------------------------------------
2019-02-19 21:47:29 INF:  RTLoadExtKeys
2019-02-19 21:47:29 INF:  IOLoadExternalKey
2019-02-19 21:47:29 INF:  Checking existense of directory: <CFURL 0x60000104c480 [0x7fffa45048f0]>{string = file:///Users/if65/Library/Application%20Support/4D/Licenses/Escape/, encoding = 134217984, base = (null)}
2019-02-19 21:47:29 INF:  Path exists: <CFURL 0x60000104c480 [0x7fffa45048f0]>{string = file:///Users/if65/Library/Application%20Support/4D/Licenses/Escape/, encoding = 134217984, base = (null)}
2019-02-19 21:47:29 INF:  Directory exists: <CFURL 0x60000104c480 [0x7fffa45048f0]>{string = file:///Users/if65/Library/Application%20Support/4D/Licenses/Escape/, encoding = 134217984, base = (null)}
2019-02-19 21:47:29 INF:  External key file path: /Users/if65/Library/Application Support/4D/Licenses/Escape/BB.QLC
2019-02-19 21:47:29 ERR:  ReadFromFile -43
2019-02-19 21:47:29 INF:  Ext key count: 0
2019-02-19 22:20:34 INF:  * RTShutdown *
2019-02-20 16:55:31 INF:  =====================================
2019-02-20 16:55:31 INF:  * RTStartup *
2019-02-20 16:55:31 INF:  -------------------------------------
2019-02-20 16:55:31 INF:  QLM 1.2.1 M
2019-02-20 16:55:31 INF:  appType4thDimension:0x1700, interpreted
2019-02-20 16:55:31 INF:  -------------------------------------
2019-02-20 16:55:31 INF:  RTLoadStructKeys
2019-02-20 16:55:31 INF:  IOLoadStructureKeys
2019-02-20 16:55:31 ERR:  Get4DRes -192
2019-02-20 16:55:31 INF:  Struct key count: 0
2019-02-20 16:55:31 INF:  -------------------------------------
2019-02-20 16:55:31 INF:  RTLoadExtKeys
2019-02-20 16:55:31 INF:  IOLoadExternalKey
2019-02-20 16:55:31 INF:  Checking existense of directory: <CFURL 0x6000014de0a0 [0x7fff8cf658f0]>{string = file:///Users/if65/Library/Application%20Support/4D/Licenses/Escape/, encoding = 134217984, base = (null)}
2019-02-20 16:55:31 INF:  Path exists: <CFURL 0x6000014de0a0 [0x7fff8cf658f0]>{string = file:///Users/if65/Library/Application%20Support/4D/Licenses/Escape/, encoding = 134217984, base = (null)}
2019-02-20 16:55:31 INF:  Directory exists: <CFURL 0x6000014de0a0 [0x7fff8cf658f0]>{string = file:///Users/if65/Library/Application%20Support/4D/Licenses/Escape/, encoding = 134217984, base = (null)}
2019-02-20 16:55:31 INF:  External key file path: /Users/if65/Library/Application Support/4D/Licenses/Escape/BB.QLC
2019-02-20 16:55:31 ERR:  ReadFromFile -43
2019-02-20 16:55:31 INF:  Ext key count: 0
2019-02-20 17:37:04 INF:  * RTShutdown *
2019-02-26 11:01:40 INF:  =====================================
2019-02-26 11:01:40 INF:  * RTStartup *
2019-02-26 11:01:40 INF:  -------------------------------------
2019-02-26 11:01:40 INF:  QLM 1.2.1 M
2019-02-26 11:01:40 INF:  appType4thDimension:0x1700, interpreted
2019-02-26 11:01:40 INF:  -------------------------------------
2019-02-26 11:01:40 INF:  RTLoadStructKeys
2019-02-26 11:01:40 INF:  IOLoadStructureKeys
2019-02-26 11:01:40 ERR:  Get4DRes -192
2019-02-26 11:01:40 INF:  Struct key count: 0
2019-02-26 11:01:40 INF:  -------------------------------------
2019-02-26 11:01:40 INF:  RTLoadExtKeys
2019-02-26 11:01:40 INF:  IOLoadExternalKey
2019-02-26 11:01:40 INF:  Checking existense of directory: <CFURL 0x600001170900 [0x7fffa0d4f8f0]>{string = file:///Users/if65/Library/Application%20Support/4D/Licenses/Escape/, encoding = 134217984, base = (null)}
2019-02-26 11:01:40 INF:  Path exists: <CFURL 0x600001170900 [0x7fffa0d4f8f0]>{string = file:///Users/if65/Library/Application%20Support/4D/Licenses/Escape/, encoding = 134217984, base = (null)}
2019-02-26 11:01:40 INF:  Directory exists: <CFURL 0x600001170900 [0x7fffa0d4f8f0]>{string = file:///Users/if65/Library/Application%20Support/4D/Licenses/Escape/, encoding = 134217984, base = (null)}
2019-02-26 11:01:40 INF:  External key file path: /Users/if65/Library/Application Support/4D/Licenses/Escape/BB.QLC
2019-02-26 11:01:40 ERR:  ReadFromFile -43
2019-02-26 11:01:40 INF:  Ext key count: 0
2019-02-26 11:10:46 INF:  * RTShutdown *
2019-02-28 15:33:18 INF:  =====================================
2019-02-28 15:33:18 INF:  * RTStartup *
2019-02-28 15:33:18 INF:  -------------------------------------
2019-02-28 15:33:18 INF:  QLM 1.2.1 M
2019-02-28 15:33:18 INF:  appType4thDimension:0x1700, interpreted
2019-02-28 15:33:18 INF:  -------------------------------------
2019-02-28 15:33:18 INF:  RTLoadStructKeys
2019-02-28 15:33:18 INF:  IOLoadStructureKeys
2019-02-28 15:33:18 ERR:  Get4DRes -192
2019-02-28 15:33:18 INF:  Struct key count: 0
2019-02-28 15:33:18 INF:  -------------------------------------
2019-02-28 15:33:18 INF:  RTLoadExtKeys
2019-02-28 15:33:18 INF:  IOLoadExternalKey
2019-02-28 15:33:18 INF:  Checking existense of directory: <CFURL 0x6000004e04e0 [0x7fffa0d4f8f0]>{string = file:///Users/if65/Library/Application%20Support/4D/Licenses/Escape/, encoding = 134217984, base = (null)}
2019-02-28 15:33:18 INF:  Path exists: <CFURL 0x6000004e04e0 [0x7fffa0d4f8f0]>{string = file:///Users/if65/Library/Application%20Support/4D/Licenses/Escape/, encoding = 134217984, base = (null)}
2019-02-28 15:33:18 INF:  Directory exists: <CFURL 0x6000004e04e0 [0x7fffa0d4f8f0]>{string = file:///Users/if65/Library/Application%20Support/4D/Licenses/Escape/, encoding = 134217984, base = (null)}
2019-02-28 15:33:18 INF:  External key file path: /Users/if65/Library/Application Support/4D/Licenses/Escape/BB.QLC
2019-02-28 15:33:18 ERR:  ReadFromFile -43
2019-02-28 15:33:18 INF:  Ext key count: 0
2019-02-28 16:12:39 INF:  * RTShutdown *
2019-02-28 22:39:50 INF:  =====================================
2019-02-28 22:39:50 INF:  * RTStartup *
2019-02-28 22:39:50 INF:  -------------------------------------
2019-02-28 22:39:50 INF:  QLM 1.2.1 M
2019-02-28 22:39:50 INF:  appType4thDimension:0x1700, interpreted
2019-02-28 22:39:50 INF:  -------------------------------------
2019-02-28 22:39:50 INF:  RTLoadStructKeys
2019-02-28 22:39:50 INF:  IOLoadStructureKeys
2019-02-28 22:39:50 ERR:  Get4DRes -192
2019-02-28 22:39:50 INF:  Struct key count: 0
2019-02-28 22:39:50 INF:  -------------------------------------
2019-02-28 22:39:50 INF:  RTLoadExtKeys
2019-02-28 22:39:50 INF:  IOLoadExternalKey
2019-02-28 22:39:50 INF:  Checking existense of directory: <CFURL 0x600001779620 [0x7fffa0d4f8f0]>{string = file:///Users/if65/Library/Application%20Support/4D/Licenses/Escape/, encoding = 134217984, base = (null)}
2019-02-28 22:39:50 INF:  Path exists: <CFURL 0x600001779620 [0x7fffa0d4f8f0]>{string = file:///Users/if65/Library/Application%20Support/4D/Licenses/Escape/, encoding = 134217984, base = (null)}
2019-02-28 22:39:50 INF:  Directory exists: <CFURL 0x600001779620 [0x7fffa0d4f8f0]>{string = file:///Users/if65/Library/Application%20Support/4D/Licenses/Escape/, encoding = 134217984, base = (null)}
2019-02-28 22:39:50 INF:  External key file path: /Users/if65/Library/Application Support/4D/Licenses/Escape/BB.QLC
2019-02-28 22:39:50 ERR:  ReadFromFile -43
2019-02-28 22:39:50 INF:  Ext key count: 0
2019-02-28 22:41:37 INF:  * RTShutdown *
